{"/Users/danielhennies/Documents/Web-application-fitness/backend_nestjs/src/app.module.ts": {"path":"/Users/danielhennies/Documents/Web-application-fitness/backend_nestjs/src/app.module.ts","statementMap":{"0":{"start":{"line":2,"column":17},"end":{"line":7,"column":1}},"1":{"start":{"line":3,"column":12},"end":{"line":3,"column":28}},"2":{"start":{"line":3,"column":34},"end":{"line":3,"column":125}},"3":{"start":{"line":4,"column":4},"end":{"line":5,"column":150}},"4":{"start":{"line":4,"column":79},"end":{"line":4,"column":131}},"5":{"start":{"line":5,"column":9},"end":{"line":5,"column":150}},"6":{"start":{"line":5,"column":22},"end":{"line":5,"column":43}},"7":{"start":{"line":5,"column":58},"end":{"line":5,"column":150}},"8":{"start":{"line":5,"column":81},"end":{"line":5,"column":150}},"9":{"start":{"line":6,"column":4},"end":{"line":6,"column":66}},"10":{"start":{"line":8,"column":0},"end":{"line":8,"column":62}},"11":{"start":{"line":9,"column":0},"end":{"line":9,"column":27}},"12":{"start":{"line":10,"column":17},"end":{"line":10,"column":42}},"13":{"start":{"line":11,"column":23},"end":{"line":11,"column":54}},"14":{"start":{"line":12,"column":22},"end":{"line":12,"column":51}},"15":{"start":{"line":13,"column":24},"end":{"line":13,"column":57}},"16":{"start":{"line":14,"column":31},"end":{"line":14,"column":78}},"17":{"start":{"line":15,"column":28},"end":{"line":15,"column":69}},"18":{"start":{"line":16,"column":23},"end":{"line":16,"column":54}},"19":{"start":{"line":17,"column":25},"end":{"line":17,"column":60}},"20":{"start":{"line":18,"column":21},"end":{"line":18,"column":48}},"21":{"start":{"line":19,"column":16},"end":{"line":20,"column":1}},"22":{"start":{"line":21,"column":0},"end":{"line":21,"column":30}},"23":{"start":{"line":22,"column":0},"end":{"line":36,"column":14}}},"fnMap":{"0":{"name":"(anonymous_0)","decl":{"start":{"line":2,"column":46},"end":{"line":2,"column":47}},"loc":{"start":{"line":2,"column":87},"end":{"line":7,"column":1}},"line":2}},"branchMap":{"0":{"loc":{"start":{"line":2,"column":17},"end":{"line":7,"column":1}},"type":"binary-expr","locations":[{"start":{"line":2,"column":18},"end":{"line":2,"column":22}},{"start":{"line":2,"column":26},"end":{"line":2,"column":41}},{"start":{"line":2,"column":46},"end":{"line":7,"column":1}}],"line":2},"1":{"loc":{"start":{"line":3,"column":34},"end":{"line":3,"column":125}},"type":"cond-expr","locations":[{"start":{"line":3,"column":42},"end":{"line":3,"column":48}},{"start":{"line":3,"column":51},"end":{"line":3,"column":125}}],"line":3},"2":{"loc":{"start":{"line":3,"column":51},"end":{"line":3,"column":125}},"type":"cond-expr","locations":[{"start":{"line":3,"column":67},"end":{"line":3,"column":118}},{"start":{"line":3,"column":121},"end":{"line":3,"column":125}}],"line":3},"3":{"loc":{"start":{"line":4,"column":4},"end":{"line":5,"column":150}},"type":"if","locations":[{"start":{"line":4,"column":4},"end":{"line":5,"column":150}},{"start":{"line":5,"column":9},"end":{"line":5,"column":150}}],"line":4},"4":{"loc":{"start":{"line":4,"column":8},"end":{"line":4,"column":77}},"type":"binary-expr","locations":[{"start":{"line":4,"column":8},"end":{"line":4,"column":35}},{"start":{"line":4,"column":39},"end":{"line":4,"column":77}}],"line":4},"5":{"loc":{"start":{"line":5,"column":58},"end":{"line":5,"column":150}},"type":"if","locations":[{"start":{"line":5,"column":58},"end":{"line":5,"column":150}},{"start":{},"end":{}}],"line":5},"6":{"loc":{"start":{"line":5,"column":85},"end":{"line":5,"column":149}},"type":"binary-expr","locations":[{"start":{"line":5,"column":86},"end":{"line":5,"column":143}},{"start":{"line":5,"column":148},"end":{"line":5,"column":149}}],"line":5},"7":{"loc":{"start":{"line":5,"column":86},"end":{"line":5,"column":143}},"type":"cond-expr","locations":[{"start":{"line":5,"column":94},"end":{"line":5,"column":98}},{"start":{"line":5,"column":101},"end":{"line":5,"column":143}}],"line":5},"8":{"loc":{"start":{"line":5,"column":101},"end":{"line":5,"column":143}},"type":"cond-expr","locations":[{"start":{"line":5,"column":109},"end":{"line":5,"column":126}},{"start":{"line":5,"column":129},"end":{"line":5,"column":143}}],"line":5},"9":{"loc":{"start":{"line":6,"column":11},"end":{"line":6,"column":62}},"type":"binary-expr","locations":[{"start":{"line":6,"column":11},"end":{"line":6,"column":16}},{"start":{"line":6,"column":20},"end":{"line":6,"column":21}},{"start":{"line":6,"column":25},"end":{"line":6,"column":62}}],"line":6}},"s":{"0":0,"1":0,"2":0,"3":0,"4":0,"5":0,"6":0,"7":0,"8":0,"9":0,"10":0,"11":0,"12":0,"13":0,"14":0,"15":0,"16":0,"17":0,"18":0,"19":0,"20":0,"21":0,"22":0,"23":0},"f":{"0":0},"b":{"0":[0,0,0],"1":[0,0],"2":[0,0],"3":[0,0],"4":[0,0],"5":[0,0],"6":[0,0],"7":[0,0],"8":[0,0],"9":[0,0,0]}}
,"/Users/danielhennies/Documents/Web-application-fitness/backend_nestjs/src/main.ts": {"path":"/Users/danielhennies/Documents/Web-application-fitness/backend_nestjs/src/main.ts","statementMap":{"0":{"start":{"line":2,"column":22},"end":{"line":4,"column":1}},"1":{"start":{"line":3,"column":4},"end":{"line":3,"column":62}},"2":{"start":{"line":5,"column":0},"end":{"line":5,"column":62}},"3":{"start":{"line":6,"column":15},"end":{"line":6,"column":38}},"4":{"start":{"line":7,"column":21},"end":{"line":7,"column":44}},"5":{"start":{"line":8,"column":17},"end":{"line":8,"column":42}},"6":{"start":{"line":9,"column":24},"end":{"line":9,"column":65}},"7":{"start":{"line":10,"column":17},"end":{"line":10,"column":51}},"8":{"start":{"line":11,"column":22},"end":{"line":11,"column":61}},"9":{"start":{"line":12,"column":29},"end":{"line":12,"column":75}},"10":{"start":{"line":13,"column":29},"end":{"line":13,"column":66}},"11":{"start":{"line":15,"column":16},"end":{"line":15,"column":71}},"12":{"start":{"line":17,"column":27},"end":{"line":19,"column":29}},"13":{"start":{"line":19,"column":20},"end":{"line":19,"column":28}},"14":{"start":{"line":20,"column":4},"end":{"line":32,"column":7}},"15":{"start":{"line":22,"column":12},"end":{"line":27,"column":13}},"16":{"start":{"line":23,"column":16},"end":{"line":23,"column":37}},"17":{"start":{"line":26,"column":16},"end":{"line":26,"column":63}},"18":{"start":{"line":34,"column":4},"end":{"line":34,"column":37}},"19":{"start":{"line":36,"column":4},"end":{"line":36,"column":42}},"20":{"start":{"line":38,"column":4},"end":{"line":38,"column":44}},"21":{"start":{"line":40,"column":4},"end":{"line":40,"column":69}},"22":{"start":{"line":42,"column":4},"end":{"line":45,"column":8}},"23":{"start":{"line":47,"column":4},"end":{"line":51,"column":8}},"24":{"start":{"line":52,"column":17},"end":{"line":52,"column":41}},"25":{"start":{"line":53,"column":4},"end":{"line":53,"column":38}},"26":{"start":{"line":54,"column":4},"end":{"line":54,"column":58}},"27":{"start":{"line":56,"column":0},"end":{"line":56,"column":12}}},"fnMap":{"0":{"name":"(anonymous_0)","decl":{"start":{"line":2,"column":56},"end":{"line":2,"column":57}},"loc":{"start":{"line":2,"column":71},"end":{"line":4,"column":1}},"line":2},"1":{"name":"bootstrap","decl":{"start":{"line":14,"column":15},"end":{"line":14,"column":24}},"loc":{"start":{"line":14,"column":27},"end":{"line":55,"column":1}},"line":14},"2":{"name":"(anonymous_2)","decl":{"start":{"line":19,"column":13},"end":{"line":19,"column":14}},"loc":{"start":{"line":19,"column":20},"end":{"line":19,"column":28}},"line":19},"3":{"name":"(anonymous_3)","decl":{"start":{"line":21,"column":16},"end":{"line":21,"column":17}},"loc":{"start":{"line":21,"column":38},"end":{"line":28,"column":9}},"line":21}},"branchMap":{"0":{"loc":{"start":{"line":2,"column":22},"end":{"line":4,"column":1}},"type":"binary-expr","locations":[{"start":{"line":2,"column":23},"end":{"line":2,"column":27}},{"start":{"line":2,"column":31},"end":{"line":2,"column":51}},{"start":{"line":2,"column":56},"end":{"line":4,"column":1}}],"line":2},"1":{"loc":{"start":{"line":3,"column":11},"end":{"line":3,"column":61}},"type":"cond-expr","locations":[{"start":{"line":3,"column":37},"end":{"line":3,"column":40}},{"start":{"line":3,"column":43},"end":{"line":3,"column":61}}],"line":3},"2":{"loc":{"start":{"line":3,"column":12},"end":{"line":3,"column":33}},"type":"binary-expr","locations":[{"start":{"line":3,"column":12},"end":{"line":3,"column":15}},{"start":{"line":3,"column":19},"end":{"line":3,"column":33}}],"line":3},"3":{"loc":{"start":{"line":17,"column":28},"end":{"line":17,"column":82}},"type":"binary-expr","locations":[{"start":{"line":17,"column":28},"end":{"line":17,"column":55}},{"start":{"line":17,"column":59},"end":{"line":17,"column":82}}],"line":17},"4":{"loc":{"start":{"line":22,"column":12},"end":{"line":27,"column":13}},"type":"if","locations":[{"start":{"line":22,"column":12},"end":{"line":27,"column":13}},{"start":{"line":25,"column":17},"end":{"line":27,"column":13}}],"line":22},"5":{"loc":{"start":{"line":22,"column":16},"end":{"line":22,"column":58}},"type":"binary-expr","locations":[{"start":{"line":22,"column":16},"end":{"line":22,"column":23}},{"start":{"line":22,"column":27},"end":{"line":22,"column":58}}],"line":22},"6":{"loc":{"start":{"line":52,"column":17},"end":{"line":52,"column":41}},"type":"binary-expr","locations":[{"start":{"line":52,"column":17},"end":{"line":52,"column":33}},{"start":{"line":52,"column":37},"end":{"line":52,"column":41}}],"line":52}},"s":{"0":0,"1":0,"2":0,"3":0,"4":0,"5":0,"6":0,"7":0,"8":0,"9":0,"10":0,"11":0,"12":0,"13":0,"14":0,"15":0,"16":0,"17":0,"18":0,"19":0,"20":0,"21":0,"22":0,"23":0,"24":0,"25":0,"26":0,"27":0},"f":{"0":0,"1":0,"2":0,"3":0},"b":{"0":[0,0,0],"1":[0,0],"2":[0,0],"3":[0,0],"4":[0,0],"5":[0,0],"6":[0,0]}}
,"/Users/danielhennies/Documents/Web-application-fitness/backend_nestjs/src/openai.ts": {"path":"/Users/danielhennies/Documents/Web-application-fitness/backend_nestjs/src/openai.ts","statementMap":{"0":{"start":{"line":2,"column":22},"end":{"line":12,"column":3}},"1":{"start":{"line":3,"column":4},"end":{"line":3,"column":33}},"2":{"start":{"line":3,"column":26},"end":{"line":3,"column":33}},"3":{"start":{"line":4,"column":15},"end":{"line":4,"column":52}},"4":{"start":{"line":5,"column":4},"end":{"line":7,"column":5}},"5":{"start":{"line":6,"column":6},"end":{"line":6,"column":68}},"6":{"start":{"line":6,"column":51},"end":{"line":6,"column":63}},"7":{"start":{"line":8,"column":4},"end":{"line":8,"column":39}},"8":{"start":{"line":10,"column":4},"end":{"line":10,"column":33}},"9":{"start":{"line":10,"column":26},"end":{"line":10,"column":33}},"10":{"start":{"line":11,"column":4},"end":{"line":11,"column":17}},"11":{"start":{"line":13,"column":25},"end":{"line":17,"column":2}},"12":{"start":{"line":14,"column":4},"end":{"line":14,"column":72}},"13":{"start":{"line":16,"column":4},"end":{"line":16,"column":21}},"14":{"start":{"line":18,"column":19},"end":{"line":34,"column":4}},"15":{"start":{"line":19,"column":18},"end":{"line":26,"column":5}},"16":{"start":{"line":20,"column":8},"end":{"line":24,"column":10}},"17":{"start":{"line":21,"column":21},"end":{"line":21,"column":23}},"18":{"start":{"line":22,"column":12},"end":{"line":22,"column":95}},"19":{"start":{"line":22,"column":29},"end":{"line":22,"column":95}},"20":{"start":{"line":22,"column":77},"end":{"line":22,"column":95}},"21":{"start":{"line":23,"column":12},"end":{"line":23,"column":22}},"22":{"start":{"line":25,"column":8},"end":{"line":25,"column":26}},"23":{"start":{"line":27,"column":4},"end":{"line":33,"column":6}},"24":{"start":{"line":28,"column":8},"end":{"line":28,"column":46}},"25":{"start":{"line":28,"column":35},"end":{"line":28,"column":46}},"26":{"start":{"line":29,"column":21},"end":{"line":29,"column":23}},"27":{"start":{"line":30,"column":8},"end":{"line":30,"column":137}},"28":{"start":{"line":30,"column":25},"end":{"line":30,"column":137}},"29":{"start":{"line":30,"column":38},"end":{"line":30,"column":50}},"30":{"start":{"line":30,"column":56},"end":{"line":30,"column":57}},"31":{"start":{"line":30,"column":78},"end":{"line":30,"column":137}},"32":{"start":{"line":30,"column":102},"end":{"line":30,"column":137}},"33":{"start":{"line":31,"column":8},"end":{"line":31,"column":40}},"34":{"start":{"line":32,"column":8},"end":{"line":32,"column":22}},"35":{"start":{"line":35,"column":22},"end":{"line":37,"column":1}},"36":{"start":{"line":36,"column":4},"end":{"line":36,"column":62}},"37":{"start":{"line":38,"column":0},"end":{"line":38,"column":62}},"38":{"start":{"line":39,"column":0},"end":{"line":39,"column":42}},"39":{"start":{"line":40,"column":0},"end":{"line":40,"column":44}},"40":{"start":{"line":41,"column":0},"end":{"line":41,"column":26}},"41":{"start":{"line":42,"column":0},"end":{"line":42,"column":36}},"42":{"start":{"line":43,"column":17},"end":{"line":43,"column":51}},"43":{"start":{"line":44,"column":15},"end":{"line":46,"column":2}},"44":{"start":{"line":48,"column":21},"end":{"line":60,"column":6}},"45":{"start":{"line":61,"column":20},"end":{"line":61,"column":61}},"46":{"start":{"line":62,"column":17},"end":{"line":62,"column":46}},"47":{"start":{"line":63,"column":4},"end":{"line":63,"column":42}},"48":{"start":{"line":66,"column":4},"end":{"line":67,"column":50}},"49":{"start":{"line":67,"column":8},"end":{"line":67,"column":50}},"50":{"start":{"line":68,"column":19},"end":{"line":68,"column":54}},"51":{"start":{"line":69,"column":21},"end":{"line":69,"column":39}},"52":{"start":{"line":70,"column":4},"end":{"line":70,"column":51}},"53":{"start":{"line":71,"column":21},"end":{"line":92,"column":6}},"54":{"start":{"line":93,"column":20},"end":{"line":93,"column":61}},"55":{"start":{"line":94,"column":17},"end":{"line":94,"column":46}},"56":{"start":{"line":95,"column":4},"end":{"line":95,"column":42}},"57":{"start":{"line":98,"column":4},"end":{"line":98,"column":61}},"58":{"start":{"line":99,"column":4},"end":{"line":99,"column":59}},"59":{"start":{"line":100,"column":21},"end":{"line":110,"column":5}},"60":{"start":{"line":105,"column":31},"end":{"line":108,"column":9}},"61":{"start":{"line":111,"column":21},"end":{"line":114,"column":6}},"62":{"start":{"line":115,"column":4},"end":{"line":115,"column":53}},"63":{"start":{"line":118,"column":23},"end":{"line":118,"column":90}},"64":{"start":{"line":118,"column":58},"end":{"line":118,"column":89}},"65":{"start":{"line":120,"column":21},"end":{"line":120,"column":50}},"66":{"start":{"line":121,"column":16},"end":{"line":131,"column":32}},"67":{"start":{"line":132,"column":17},"end":{"line":132,"column":78}},"68":{"start":{"line":133,"column":26},"end":{"line":136,"column":6}},"69":{"start":{"line":137,"column":4},"end":{"line":137,"column":30}}},"fnMap":{"0":{"name":"(anonymous_0)","decl":{"start":{"line":2,"column":74},"end":{"line":2,"column":75}},"loc":{"start":{"line":2,"column":96},"end":{"line":9,"column":1}},"line":2},"1":{"name":"(anonymous_1)","decl":{"start":{"line":6,"column":38},"end":{"line":6,"column":39}},"loc":{"start":{"line":6,"column":49},"end":{"line":6,"column":65}},"line":6},"2":{"name":"(anonymous_2)","decl":{"start":{"line":9,"column":6},"end":{"line":9,"column":7}},"loc":{"start":{"line":9,"column":28},"end":{"line":12,"column":1}},"line":9},"3":{"name":"(anonymous_3)","decl":{"start":{"line":13,"column":80},"end":{"line":13,"column":81}},"loc":{"start":{"line":13,"column":95},"end":{"line":15,"column":1}},"line":13},"4":{"name":"(anonymous_4)","decl":{"start":{"line":15,"column":5},"end":{"line":15,"column":6}},"loc":{"start":{"line":15,"column":20},"end":{"line":17,"column":1}},"line":15},"5":{"name":"(anonymous_5)","decl":{"start":{"line":18,"column":51},"end":{"line":18,"column":52}},"loc":{"start":{"line":18,"column":63},"end":{"line":34,"column":1}},"line":18},"6":{"name":"(anonymous_6)","decl":{"start":{"line":19,"column":18},"end":{"line":19,"column":19}},"loc":{"start":{"line":19,"column":30},"end":{"line":26,"column":5}},"line":19},"7":{"name":"(anonymous_7)","decl":{"start":{"line":20,"column":48},"end":{"line":20,"column":49}},"loc":{"start":{"line":20,"column":61},"end":{"line":24,"column":9}},"line":20},"8":{"name":"(anonymous_8)","decl":{"start":{"line":27,"column":11},"end":{"line":27,"column":12}},"loc":{"start":{"line":27,"column":26},"end":{"line":33,"column":5}},"line":27},"9":{"name":"(anonymous_9)","decl":{"start":{"line":35,"column":56},"end":{"line":35,"column":57}},"loc":{"start":{"line":35,"column":71},"end":{"line":37,"column":1}},"line":35},"10":{"name":"analyzeFoodText","decl":{"start":{"line":47,"column":15},"end":{"line":47,"column":30}},"loc":{"start":{"line":47,"column":37},"end":{"line":64,"column":1}},"line":47},"11":{"name":"analyzeFoodImage","decl":{"start":{"line":65,"column":15},"end":{"line":65,"column":31}},"loc":{"start":{"line":65,"column":51},"end":{"line":96,"column":1}},"line":65},"12":{"name":"aiCoach","decl":{"start":{"line":97,"column":15},"end":{"line":97,"column":22}},"loc":{"start":{"line":97,"column":42},"end":{"line":116,"column":1}},"line":97},"13":{"name":"(anonymous_13)","decl":{"start":{"line":105,"column":23},"end":{"line":105,"column":24}},"loc":{"start":{"line":105,"column":31},"end":{"line":108,"column":9}},"line":105},"14":{"name":"speechToText","decl":{"start":{"line":117,"column":15},"end":{"line":117,"column":27}},"loc":{"start":{"line":117,"column":51},"end":{"line":138,"column":1}},"line":117},"15":{"name":"(anonymous_15)","decl":{"start":{"line":118,"column":52},"end":{"line":118,"column":53}},"loc":{"start":{"line":118,"column":58},"end":{"line":118,"column":89}},"line":118}},"branchMap":{"0":{"loc":{"start":{"line":2,"column":22},"end":{"line":12,"column":3}},"type":"binary-expr","locations":[{"start":{"line":2,"column":23},"end":{"line":2,"column":27}},{"start":{"line":2,"column":31},"end":{"line":2,"column":51}},{"start":{"line":2,"column":57},"end":{"line":12,"column":2}}],"line":2},"1":{"loc":{"start":{"line":2,"column":57},"end":{"line":12,"column":2}},"type":"cond-expr","locations":[{"start":{"line":2,"column":74},"end":{"line":9,"column":1}},{"start":{"line":9,"column":6},"end":{"line":12,"column":1}}],"line":2},"2":{"loc":{"start":{"line":3,"column":4},"end":{"line":3,"column":33}},"type":"if","locations":[{"start":{"line":3,"column":4},"end":{"line":3,"column":33}},{"start":{},"end":{}}],"line":3},"3":{"loc":{"start":{"line":5,"column":4},"end":{"line":7,"column":5}},"type":"if","locations":[{"start":{"line":5,"column":4},"end":{"line":7,"column":5}},{"start":{},"end":{}}],"line":5},"4":{"loc":{"start":{"line":5,"column":8},"end":{"line":5,"column":85}},"type":"binary-expr","locations":[{"start":{"line":5,"column":8},"end":{"line":5,"column":13}},{"start":{"line":5,"column":18},"end":{"line":5,"column":84}}],"line":5},"5":{"loc":{"start":{"line":5,"column":18},"end":{"line":5,"column":84}},"type":"cond-expr","locations":[{"start":{"line":5,"column":34},"end":{"line":5,"column":47}},{"start":{"line":5,"column":50},"end":{"line":5,"column":84}}],"line":5},"6":{"loc":{"start":{"line":5,"column":50},"end":{"line":5,"column":84}},"type":"binary-expr","locations":[{"start":{"line":5,"column":50},"end":{"line":5,"column":63}},{"start":{"line":5,"column":67},"end":{"line":5,"column":84}}],"line":5},"7":{"loc":{"start":{"line":10,"column":4},"end":{"line":10,"column":33}},"type":"if","locations":[{"start":{"line":10,"column":4},"end":{"line":10,"column":33}},{"start":{},"end":{}}],"line":10},"8":{"loc":{"start":{"line":13,"column":25},"end":{"line":17,"column":2}},"type":"binary-expr","locations":[{"start":{"line":13,"column":26},"end":{"line":13,"column":30}},{"start":{"line":13,"column":34},"end":{"line":13,"column":57}},{"start":{"line":13,"column":63},"end":{"line":17,"column":1}}],"line":13},"9":{"loc":{"start":{"line":13,"column":63},"end":{"line":17,"column":1}},"type":"cond-expr","locations":[{"start":{"line":13,"column":80},"end":{"line":15,"column":1}},{"start":{"line":15,"column":5},"end":{"line":17,"column":1}}],"line":13},"10":{"loc":{"start":{"line":18,"column":19},"end":{"line":34,"column":4}},"type":"binary-expr","locations":[{"start":{"line":18,"column":20},"end":{"line":18,"column":24}},{"start":{"line":18,"column":28},"end":{"line":18,"column":45}},{"start":{"line":18,"column":50},"end":{"line":34,"column":4}}],"line":18},"11":{"loc":{"start":{"line":20,"column":18},"end":{"line":24,"column":9}},"type":"binary-expr","locations":[{"start":{"line":20,"column":18},"end":{"line":20,"column":44}},{"start":{"line":20,"column":48},"end":{"line":24,"column":9}}],"line":20},"12":{"loc":{"start":{"line":22,"column":29},"end":{"line":22,"column":95}},"type":"if","locations":[{"start":{"line":22,"column":29},"end":{"line":22,"column":95}},{"start":{},"end":{}}],"line":22},"13":{"loc":{"start":{"line":28,"column":8},"end":{"line":28,"column":46}},"type":"if","locations":[{"start":{"line":28,"column":8},"end":{"line":28,"column":46}},{"start":{},"end":{}}],"line":28},"14":{"loc":{"start":{"line":28,"column":12},"end":{"line":28,"column":33}},"type":"binary-expr","locations":[{"start":{"line":28,"column":12},"end":{"line":28,"column":15}},{"start":{"line":28,"column":19},"end":{"line":28,"column":33}}],"line":28},"15":{"loc":{"start":{"line":30,"column":8},"end":{"line":30,"column":137}},"type":"if","locations":[{"start":{"line":30,"column":8},"end":{"line":30,"column":137}},{"start":{},"end":{}}],"line":30},"16":{"loc":{"start":{"line":30,"column":78},"end":{"line":30,"column":137}},"type":"if","locations":[{"start":{"line":30,"column":78},"end":{"line":30,"column":137}},{"start":{},"end":{}}],"line":30},"17":{"loc":{"start":{"line":35,"column":22},"end":{"line":37,"column":1}},"type":"binary-expr","locations":[{"start":{"line":35,"column":23},"end":{"line":35,"column":27}},{"start":{"line":35,"column":31},"end":{"line":35,"column":51}},{"start":{"line":35,"column":56},"end":{"line":37,"column":1}}],"line":35},"18":{"loc":{"start":{"line":36,"column":11},"end":{"line":36,"column":61}},"type":"cond-expr","locations":[{"start":{"line":36,"column":37},"end":{"line":36,"column":40}},{"start":{"line":36,"column":43},"end":{"line":36,"column":61}}],"line":36},"19":{"loc":{"start":{"line":36,"column":12},"end":{"line":36,"column":33}},"type":"binary-expr","locations":[{"start":{"line":36,"column":12},"end":{"line":36,"column":15}},{"start":{"line":36,"column":19},"end":{"line":36,"column":33}}],"line":36},"20":{"loc":{"start":{"line":61,"column":20},"end":{"line":61,"column":61}},"type":"binary-expr","locations":[{"start":{"line":61,"column":20},"end":{"line":61,"column":55}},{"start":{"line":61,"column":59},"end":{"line":61,"column":61}}],"line":61},"21":{"loc":{"start":{"line":63,"column":11},"end":{"line":63,"column":41}},"type":"cond-expr","locations":[{"start":{"line":63,"column":18},"end":{"line":63,"column":34}},{"start":{"line":63,"column":37},"end":{"line":63,"column":41}}],"line":63},"22":{"loc":{"start":{"line":66,"column":4},"end":{"line":67,"column":50}},"type":"if","locations":[{"start":{"line":66,"column":4},"end":{"line":67,"column":50}},{"start":{},"end":{}}],"line":66},"23":{"loc":{"start":{"line":84,"column":29},"end":{"line":86,"column":36}},"type":"cond-expr","locations":[{"start":{"line":85,"column":34},"end":{"line":85,"column":134}},{"start":{"line":86,"column":34},"end":{"line":86,"column":36}}],"line":84},"24":{"loc":{"start":{"line":93,"column":20},"end":{"line":93,"column":61}},"type":"binary-expr","locations":[{"start":{"line":93,"column":20},"end":{"line":93,"column":55}},{"start":{"line":93,"column":59},"end":{"line":93,"column":61}}],"line":93},"25":{"loc":{"start":{"line":95,"column":11},"end":{"line":95,"column":41}},"type":"cond-expr","locations":[{"start":{"line":95,"column":18},"end":{"line":95,"column":34}},{"start":{"line":95,"column":37},"end":{"line":95,"column":41}}],"line":95},"26":{"loc":{"start":{"line":106,"column":19},"end":{"line":106,"column":50}},"type":"cond-expr","locations":[{"start":{"line":106,"column":30},"end":{"line":106,"column":36}},{"start":{"line":106,"column":39},"end":{"line":106,"column":50}}],"line":106},"27":{"loc":{"start":{"line":109,"column":8},"end":{"line":109,"column":61}},"type":"cond-expr","locations":[{"start":{"line":109,"column":19},"end":{"line":109,"column":54}},{"start":{"line":109,"column":57},"end":{"line":109,"column":61}}],"line":109},"28":{"loc":{"start":{"line":115,"column":11},"end":{"line":115,"column":52}},"type":"binary-expr","locations":[{"start":{"line":115,"column":11},"end":{"line":115,"column":46}},{"start":{"line":115,"column":50},"end":{"line":115,"column":52}}],"line":115},"29":{"loc":{"start":{"line":121,"column":16},"end":{"line":131,"column":32}},"type":"cond-expr","locations":[{"start":{"line":122,"column":10},"end":{"line":122,"column":16}},{"start":{"line":123,"column":10},"end":{"line":131,"column":32}}],"line":121},"30":{"loc":{"start":{"line":123,"column":10},"end":{"line":131,"column":32}},"type":"cond-expr","locations":[{"start":{"line":124,"column":14},"end":{"line":124,"column":19}},{"start":{"line":125,"column":14},"end":{"line":131,"column":32}}],"line":123},"31":{"loc":{"start":{"line":125,"column":14},"end":{"line":131,"column":32}},"type":"cond-expr","locations":[{"start":{"line":126,"column":18},"end":{"line":126,"column":23}},{"start":{"line":127,"column":18},"end":{"line":131,"column":32}}],"line":125},"32":{"loc":{"start":{"line":125,"column":14},"end":{"line":125,"column":66}},"type":"binary-expr","locations":[{"start":{"line":125,"column":14},"end":{"line":125,"column":38}},{"start":{"line":125,"column":42},"end":{"line":125,"column":66}}],"line":125},"33":{"loc":{"start":{"line":127,"column":18},"end":{"line":131,"column":32}},"type":"cond-expr","locations":[{"start":{"line":128,"column":22},"end":{"line":128,"column":27}},{"start":{"line":129,"column":22},"end":{"line":131,"column":32}}],"line":127},"34":{"loc":{"start":{"line":127,"column":18},"end":{"line":127,"column":71}},"type":"binary-expr","locations":[{"start":{"line":127,"column":18},"end":{"line":127,"column":43}},{"start":{"line":127,"column":47},"end":{"line":127,"column":71}}],"line":127},"35":{"loc":{"start":{"line":129,"column":22},"end":{"line":131,"column":32}},"type":"cond-expr","locations":[{"start":{"line":130,"column":26},"end":{"line":130,"column":31}},{"start":{"line":131,"column":26},"end":{"line":131,"column":32}}],"line":129}},"s":{"0":0,"1":0,"2":0,"3":0,"4":0,"5":0,"6":0,"7":0,"8":0,"9":0,"10":0,"11":0,"12":0,"13":0,"14":0,"15":0,"16":0,"17":0,"18":0,"19":0,"20":0,"21":0,"22":0,"23":0,"24":0,"25":0,"26":0,"27":0,"28":0,"29":0,"30":0,"31":0,"32":0,"33":0,"34":0,"35":0,"36":0,"37":0,"38":0,"39":0,"40":0,"41":0,"42":0,"43":0,"44":0,"45":0,"46":0,"47":0,"48":0,"49":0,"50":0,"51":0,"52":0,"53":0,"54":0,"55":0,"56":0,"57":0,"58":0,"59":0,"60":0,"61":0,"62":0,"63":0,"64":0,"65":0,"66":0,"67":0,"68":0,"69":0},"f":{"0":0,"1":0,"2":0,"3":0,"4":0,"5":0,"6":0,"7":0,"8":0,"9":0,"10":0,"11":0,"12":0,"13":0,"14":0,"15":0},"b":{"0":[0,0,0],"1":[0,0],"2":[0,0],"3":[0,0],"4":[0,0],"5":[0,0],"6":[0,0],"7":[0,0],"8":[0,0,0],"9":[0,0],"10":[0,0,0],"11":[0,0],"12":[0,0],"13":[0,0],"14":[0,0],"15":[0,0],"16":[0,0],"17":[0,0,0],"18":[0,0],"19":[0,0],"20":[0,0],"21":[0,0],"22":[0,0],"23":[0,0],"24":[0,0],"25":[0,0],"26":[0,0],"27":[0,0],"28":[0,0],"29":[0,0],"30":[0,0],"31":[0,0],"32":[0,0],"33":[0,0],"34":[0,0],"35":[0,0]}}
,"/Users/danielhennies/Documents/Web-application-fitness/backend_nestjs/src/redis.ts": {"path":"/Users/danielhennies/Documents/Web-application-fitness/backend_nestjs/src/redis.ts","statementMap":{"0":{"start":{"line":2,"column":0},"end":{"line":2,"column":62}},"1":{"start":{"line":3,"column":0},"end":{"line":3,"column":29}},"2":{"start":{"line":4,"column":16},"end":{"line":4,"column":32}},"3":{"start":{"line":5,"column":17},"end":{"line":5,"column":92}},"4":{"start":{"line":6,"column":0},"end":{"line":6,"column":67}},"5":{"start":{"line":7,"column":0},"end":{"line":7,"column":92}},"6":{"start":{"line":7,"column":41},"end":{"line":7,"column":90}},"7":{"start":{"line":8,"column":0},"end":{"line":8,"column":101}},"8":{"start":{"line":8,"column":45},"end":{"line":8,"column":99}}},"fnMap":{"0":{"name":"(anonymous_0)","decl":{"start":{"line":7,"column":32},"end":{"line":7,"column":33}},"loc":{"start":{"line":7,"column":41},"end":{"line":7,"column":90}},"line":7},"1":{"name":"(anonymous_1)","decl":{"start":{"line":8,"column":36},"end":{"line":8,"column":37}},"loc":{"start":{"line":8,"column":45},"end":{"line":8,"column":99}},"line":8}},"branchMap":{"0":{"loc":{"start":{"line":5,"column":17},"end":{"line":5,"column":92}},"type":"binary-expr","locations":[{"start":{"line":5,"column":17},"end":{"line":5,"column":38}},{"start":{"line":5,"column":42},"end":{"line":5,"column":64}},{"start":{"line":5,"column":68},"end":{"line":5,"column":92}}],"line":5}},"s":{"0":0,"1":0,"2":0,"3":0,"4":0,"5":0,"6":0,"7":0,"8":0},"f":{"0":0,"1":0},"b":{"0":[0,0,0]}}
,"/Users/danielhennies/Documents/Web-application-fitness/backend_nestjs/src/types.ts": {"path":"/Users/danielhennies/Documents/Web-application-fitness/backend_nestjs/src/types.ts","statementMap":{"0":{"start":{"line":2,"column":0},"end":{"line":2,"column":62}}},"fnMap":{},"branchMap":{},"s":{"0":0},"f":{},"b":{}}
,"/Users/danielhennies/Documents/Web-application-fitness/backend_nestjs/src/aicoach/aicoach.controller.ts": {"path":"/Users/danielhennies/Documents/Web-application-fitness/backend_nestjs/src/aicoach/aicoach.controller.ts","statementMap":{"0":{"start":{"line":2,"column":17},"end":{"line":7,"column":1}},"1":{"start":{"line":3,"column":12},"end":{"line":3,"column":28}},"2":{"start":{"line":3,"column":34},"end":{"line":3,"column":125}},"3":{"start":{"line":4,"column":4},"end":{"line":5,"column":150}},"4":{"start":{"line":4,"column":79},"end":{"line":4,"column":131}},"5":{"start":{"line":5,"column":9},"end":{"line":5,"column":150}},"6":{"start":{"line":5,"column":22},"end":{"line":5,"column":43}},"7":{"start":{"line":5,"column":58},"end":{"line":5,"column":150}},"8":{"start":{"line":5,"column":81},"end":{"line":5,"column":150}},"9":{"start":{"line":6,"column":4},"end":{"line":6,"column":66}},"10":{"start":{"line":8,"column":17},"end":{"line":10,"column":1}},"11":{"start":{"line":9,"column":4},"end":{"line":9,"column":109}},"12":{"start":{"line":9,"column":79},"end":{"line":9,"column":109}},"13":{"start":{"line":11,"column":14},"end":{"line":13,"column":1}},"14":{"start":{"line":12,"column":4},"end":{"line":12,"column":73}},"15":{"start":{"line":12,"column":36},"end":{"line":12,"column":71}},"16":{"start":{"line":14,"column":0},"end":{"line":14,"column":62}},"17":{"start":{"line":15,"column":0},"end":{"line":15,"column":35}},"18":{"start":{"line":16,"column":17},"end":{"line":16,"column":42}},"19":{"start":{"line":17,"column":26},"end":{"line":17,"column":54}},"20":{"start":{"line":18,"column":25},"end":{"line":18,"column":58}},"21":{"start":{"line":19,"column":24},"end":{"line":26,"column":1}},"22":{"start":{"line":21,"column":8},"end":{"line":21,"column":45}},"23":{"start":{"line":24,"column":8},"end":{"line":24,"column":76}},"24":{"start":{"line":27,"column":0},"end":{"line":27,"column":46}},"25":{"start":{"line":28,"column":0},"end":{"line":35,"column":53}},"26":{"start":{"line":36,"column":0},"end":{"line":39,"column":22}}},"fnMap":{"0":{"name":"(anonymous_0)","decl":{"start":{"line":2,"column":46},"end":{"line":2,"column":47}},"loc":{"start":{"line":2,"column":87},"end":{"line":7,"column":1}},"line":2},"1":{"name":"(anonymous_1)","decl":{"start":{"line":8,"column":46},"end":{"line":8,"column":47}},"loc":{"start":{"line":8,"column":62},"end":{"line":10,"column":1}},"line":8},"2":{"name":"(anonymous_2)","decl":{"start":{"line":11,"column":40},"end":{"line":11,"column":41}},"loc":{"start":{"line":11,"column":73},"end":{"line":13,"column":1}},"line":11},"3":{"name":"(anonymous_3)","decl":{"start":{"line":12,"column":11},"end":{"line":12,"column":12}},"loc":{"start":{"line":12,"column":34},"end":{"line":12,"column":73}},"line":12},"4":{"name":"(anonymous_4)","decl":{"start":{"line":20,"column":4},"end":{"line":20,"column":5}},"loc":{"start":{"line":20,"column":32},"end":{"line":22,"column":5}},"line":20},"5":{"name":"(anonymous_5)","decl":{"start":{"line":23,"column":4},"end":{"line":23,"column":5}},"loc":{"start":{"line":23,"column":28},"end":{"line":25,"column":5}},"line":23}},"branchMap":{"0":{"loc":{"start":{"line":2,"column":17},"end":{"line":7,"column":1}},"type":"binary-expr","locations":[{"start":{"line":2,"column":18},"end":{"line":2,"column":22}},{"start":{"line":2,"column":26},"end":{"line":2,"column":41}},{"start":{"line":2,"column":46},"end":{"line":7,"column":1}}],"line":2},"1":{"loc":{"start":{"line":3,"column":34},"end":{"line":3,"column":125}},"type":"cond-expr","locations":[{"start":{"line":3,"column":42},"end":{"line":3,"column":48}},{"start":{"line":3,"column":51},"end":{"line":3,"column":125}}],"line":3},"2":{"loc":{"start":{"line":3,"column":51},"end":{"line":3,"column":125}},"type":"cond-expr","locations":[{"start":{"line":3,"column":67},"end":{"line":3,"column":118}},{"start":{"line":3,"column":121},"end":{"line":3,"column":125}}],"line":3},"3":{"loc":{"start":{"line":4,"column":4},"end":{"line":5,"column":150}},"type":"if","locations":[{"start":{"line":4,"column":4},"end":{"line":5,"column":150}},{"start":{"line":5,"column":9},"end":{"line":5,"column":150}}],"line":4},"4":{"loc":{"start":{"line":4,"column":8},"end":{"line":4,"column":77}},"type":"binary-expr","locations":[{"start":{"line":4,"column":8},"end":{"line":4,"column":35}},{"start":{"line":4,"column":39},"end":{"line":4,"column":77}}],"line":4},"5":{"loc":{"start":{"line":5,"column":58},"end":{"line":5,"column":150}},"type":"if","locations":[{"start":{"line":5,"column":58},"end":{"line":5,"column":150}},{"start":{},"end":{}}],"line":5},"6":{"loc":{"start":{"line":5,"column":85},"end":{"line":5,"column":149}},"type":"binary-expr","locations":[{"start":{"line":5,"column":86},"end":{"line":5,"column":143}},{"start":{"line":5,"column":148},"end":{"line":5,"column":149}}],"line":5},"7":{"loc":{"start":{"line":5,"column":86},"end":{"line":5,"column":143}},"type":"cond-expr","locations":[{"start":{"line":5,"column":94},"end":{"line":5,"column":98}},{"start":{"line":5,"column":101},"end":{"line":5,"column":143}}],"line":5},"8":{"loc":{"start":{"line":5,"column":101},"end":{"line":5,"column":143}},"type":"cond-expr","locations":[{"start":{"line":5,"column":109},"end":{"line":5,"column":126}},{"start":{"line":5,"column":129},"end":{"line":5,"column":143}}],"line":5},"9":{"loc":{"start":{"line":6,"column":11},"end":{"line":6,"column":62}},"type":"binary-expr","locations":[{"start":{"line":6,"column":11},"end":{"line":6,"column":16}},{"start":{"line":6,"column":20},"end":{"line":6,"column":21}},{"start":{"line":6,"column":25},"end":{"line":6,"column":62}}],"line":6},"10":{"loc":{"start":{"line":8,"column":17},"end":{"line":10,"column":1}},"type":"binary-expr","locations":[{"start":{"line":8,"column":18},"end":{"line":8,"column":22}},{"start":{"line":8,"column":26},"end":{"line":8,"column":41}},{"start":{"line":8,"column":46},"end":{"line":10,"column":1}}],"line":8},"11":{"loc":{"start":{"line":9,"column":4},"end":{"line":9,"column":109}},"type":"if","locations":[{"start":{"line":9,"column":4},"end":{"line":9,"column":109}},{"start":{},"end":{}}],"line":9},"12":{"loc":{"start":{"line":9,"column":8},"end":{"line":9,"column":77}},"type":"binary-expr","locations":[{"start":{"line":9,"column":8},"end":{"line":9,"column":35}},{"start":{"line":9,"column":39},"end":{"line":9,"column":77}}],"line":9},"13":{"loc":{"start":{"line":11,"column":14},"end":{"line":13,"column":1}},"type":"binary-expr","locations":[{"start":{"line":11,"column":15},"end":{"line":11,"column":19}},{"start":{"line":11,"column":23},"end":{"line":11,"column":35}},{"start":{"line":11,"column":40},"end":{"line":13,"column":1}}],"line":11}},"s":{"0":0,"1":0,"2":0,"3":0,"4":0,"5":0,"6":0,"7":0,"8":0,"9":0,"10":0,"11":0,"12":0,"13":0,"14":0,"15":0,"16":0,"17":0,"18":0,"19":0,"20":0,"21":0,"22":0,"23":0,"24":0,"25":0,"26":0},"f":{"0":0,"1":0,"2":0,"3":0,"4":0,"5":0},"b":{"0":[0,0,0],"1":[0,0],"2":[0,0],"3":[0,0],"4":[0,0],"5":[0,0],"6":[0,0],"7":[0,0],"8":[0,0],"9":[0,0,0],"10":[0,0,0],"11":[0,0],"12":[0,0],"13":[0,0,0]}}
,"/Users/danielhennies/Documents/Web-application-fitness/backend_nestjs/src/aicoach/aicoach.module.ts": {"path":"/Users/danielhennies/Documents/Web-application-fitness/backend_nestjs/src/aicoach/aicoach.module.ts","statementMap":{"0":{"start":{"line":2,"column":17},"end":{"line":7,"column":1}},"1":{"start":{"line":3,"column":12},"end":{"line":3,"column":28}},"2":{"start":{"line":3,"column":34},"end":{"line":3,"column":125}},"3":{"start":{"line":4,"column":4},"end":{"line":5,"column":150}},"4":{"start":{"line":4,"column":79},"end":{"line":4,"column":131}},"5":{"start":{"line":5,"column":9},"end":{"line":5,"column":150}},"6":{"start":{"line":5,"column":22},"end":{"line":5,"column":43}},"7":{"start":{"line":5,"column":58},"end":{"line":5,"column":150}},"8":{"start":{"line":5,"column":81},"end":{"line":5,"column":150}},"9":{"start":{"line":6,"column":4},"end":{"line":6,"column":66}},"10":{"start":{"line":8,"column":0},"end":{"line":8,"column":62}},"11":{"start":{"line":9,"column":0},"end":{"line":9,"column":31}},"12":{"start":{"line":10,"column":17},"end":{"line":10,"column":42}},"13":{"start":{"line":11,"column":26},"end":{"line":11,"column":54}},"14":{"start":{"line":12,"column":29},"end":{"line":12,"column":60}},"15":{"start":{"line":13,"column":20},"end":{"line":14,"column":1}},"16":{"start":{"line":15,"column":0},"end":{"line":15,"column":38}},"17":{"start":{"line":16,"column":0},"end":{"line":22,"column":18}}},"fnMap":{"0":{"name":"(anonymous_0)","decl":{"start":{"line":2,"column":46},"end":{"line":2,"column":47}},"loc":{"start":{"line":2,"column":87},"end":{"line":7,"column":1}},"line":2}},"branchMap":{"0":{"loc":{"start":{"line":2,"column":17},"end":{"line":7,"column":1}},"type":"binary-expr","locations":[{"start":{"line":2,"column":18},"end":{"line":2,"column":22}},{"start":{"line":2,"column":26},"end":{"line":2,"column":41}},{"start":{"line":2,"column":46},"end":{"line":7,"column":1}}],"line":2},"1":{"loc":{"start":{"line":3,"column":34},"end":{"line":3,"column":125}},"type":"cond-expr","locations":[{"start":{"line":3,"column":42},"end":{"line":3,"column":48}},{"start":{"line":3,"column":51},"end":{"line":3,"column":125}}],"line":3},"2":{"loc":{"start":{"line":3,"column":51},"end":{"line":3,"column":125}},"type":"cond-expr","locations":[{"start":{"line":3,"column":67},"end":{"line":3,"column":118}},{"start":{"line":3,"column":121},"end":{"line":3,"column":125}}],"line":3},"3":{"loc":{"start":{"line":4,"column":4},"end":{"line":5,"column":150}},"type":"if","locations":[{"start":{"line":4,"column":4},"end":{"line":5,"column":150}},{"start":{"line":5,"column":9},"end":{"line":5,"column":150}}],"line":4},"4":{"loc":{"start":{"line":4,"column":8},"end":{"line":4,"column":77}},"type":"binary-expr","locations":[{"start":{"line":4,"column":8},"end":{"line":4,"column":35}},{"start":{"line":4,"column":39},"end":{"line":4,"column":77}}],"line":4},"5":{"loc":{"start":{"line":5,"column":58},"end":{"line":5,"column":150}},"type":"if","locations":[{"start":{"line":5,"column":58},"end":{"line":5,"column":150}},{"start":{},"end":{}}],"line":5},"6":{"loc":{"start":{"line":5,"column":85},"end":{"line":5,"column":149}},"type":"binary-expr","locations":[{"start":{"line":5,"column":86},"end":{"line":5,"column":143}},{"start":{"line":5,"column":148},"end":{"line":5,"column":149}}],"line":5},"7":{"loc":{"start":{"line":5,"column":86},"end":{"line":5,"column":143}},"type":"cond-expr","locations":[{"start":{"line":5,"column":94},"end":{"line":5,"column":98}},{"start":{"line":5,"column":101},"end":{"line":5,"column":143}}],"line":5},"8":{"loc":{"start":{"line":5,"column":101},"end":{"line":5,"column":143}},"type":"cond-expr","locations":[{"start":{"line":5,"column":109},"end":{"line":5,"column":126}},{"start":{"line":5,"column":129},"end":{"line":5,"column":143}}],"line":5},"9":{"loc":{"start":{"line":6,"column":11},"end":{"line":6,"column":62}},"type":"binary-expr","locations":[{"start":{"line":6,"column":11},"end":{"line":6,"column":16}},{"start":{"line":6,"column":20},"end":{"line":6,"column":21}},{"start":{"line":6,"column":25},"end":{"line":6,"column":62}}],"line":6}},"s":{"0":0,"1":0,"2":0,"3":0,"4":0,"5":0,"6":0,"7":0,"8":0,"9":0,"10":0,"11":0,"12":0,"13":0,"14":0,"15":0,"16":0,"17":0},"f":{"0":0},"b":{"0":[0,0,0],"1":[0,0],"2":[0,0],"3":[0,0],"4":[0,0],"5":[0,0],"6":[0,0],"7":[0,0],"8":[0,0],"9":[0,0,0]}}
,"/Users/danielhennies/Documents/Web-application-fitness/backend_nestjs/src/aicoach/aicoach.service.ts": {"path":"/Users/danielhennies/Documents/Web-application-fitness/backend_nestjs/src/aicoach/aicoach.service.ts","statementMap":{"0":{"start":{"line":2,"column":17},"end":{"line":7,"column":1}},"1":{"start":{"line":3,"column":12},"end":{"line":3,"column":28}},"2":{"start":{"line":3,"column":34},"end":{"line":3,"column":125}},"3":{"start":{"line":4,"column":4},"end":{"line":5,"column":150}},"4":{"start":{"line":4,"column":79},"end":{"line":4,"column":131}},"5":{"start":{"line":5,"column":9},"end":{"line":5,"column":150}},"6":{"start":{"line":5,"column":22},"end":{"line":5,"column":43}},"7":{"start":{"line":5,"column":58},"end":{"line":5,"column":150}},"8":{"start":{"line":5,"column":81},"end":{"line":5,"column":150}},"9":{"start":{"line":6,"column":4},"end":{"line":6,"column":66}},"10":{"start":{"line":8,"column":0},"end":{"line":8,"column":62}},"11":{"start":{"line":9,"column":0},"end":{"line":9,"column":32}},"12":{"start":{"line":10,"column":17},"end":{"line":10,"column":42}},"13":{"start":{"line":11,"column":17},"end":{"line":11,"column":37}},"14":{"start":{"line":12,"column":21},"end":{"line":17,"column":1}},"15":{"start":{"line":14,"column":22},"end":{"line":14,"column":68}},"16":{"start":{"line":15,"column":8},"end":{"line":15,"column":34}},"17":{"start":{"line":18,"column":0},"end":{"line":18,"column":40}},"18":{"start":{"line":19,"column":0},"end":{"line":21,"column":19}}},"fnMap":{"0":{"name":"(anonymous_0)","decl":{"start":{"line":2,"column":46},"end":{"line":2,"column":47}},"loc":{"start":{"line":2,"column":87},"end":{"line":7,"column":1}},"line":2},"1":{"name":"(anonymous_1)","decl":{"start":{"line":13,"column":4},"end":{"line":13,"column":5}},"loc":{"start":{"line":13,"column":41},"end":{"line":16,"column":5}},"line":13}},"branchMap":{"0":{"loc":{"start":{"line":2,"column":17},"end":{"line":7,"column":1}},"type":"binary-expr","locations":[{"start":{"line":2,"column":18},"end":{"line":2,"column":22}},{"start":{"line":2,"column":26},"end":{"line":2,"column":41}},{"start":{"line":2,"column":46},"end":{"line":7,"column":1}}],"line":2},"1":{"loc":{"start":{"line":3,"column":34},"end":{"line":3,"column":125}},"type":"cond-expr","locations":[{"start":{"line":3,"column":42},"end":{"line":3,"column":48}},{"start":{"line":3,"column":51},"end":{"line":3,"column":125}}],"line":3},"2":{"loc":{"start":{"line":3,"column":51},"end":{"line":3,"column":125}},"type":"cond-expr","locations":[{"start":{"line":3,"column":67},"end":{"line":3,"column":118}},{"start":{"line":3,"column":121},"end":{"line":3,"column":125}}],"line":3},"3":{"loc":{"start":{"line":4,"column":4},"end":{"line":5,"column":150}},"type":"if","locations":[{"start":{"line":4,"column":4},"end":{"line":5,"column":150}},{"start":{"line":5,"column":9},"end":{"line":5,"column":150}}],"line":4},"4":{"loc":{"start":{"line":4,"column":8},"end":{"line":4,"column":77}},"type":"binary-expr","locations":[{"start":{"line":4,"column":8},"end":{"line":4,"column":35}},{"start":{"line":4,"column":39},"end":{"line":4,"column":77}}],"line":4},"5":{"loc":{"start":{"line":5,"column":58},"end":{"line":5,"column":150}},"type":"if","locations":[{"start":{"line":5,"column":58},"end":{"line":5,"column":150}},{"start":{},"end":{}}],"line":5},"6":{"loc":{"start":{"line":5,"column":85},"end":{"line":5,"column":149}},"type":"binary-expr","locations":[{"start":{"line":5,"column":86},"end":{"line":5,"column":143}},{"start":{"line":5,"column":148},"end":{"line":5,"column":149}}],"line":5},"7":{"loc":{"start":{"line":5,"column":86},"end":{"line":5,"column":143}},"type":"cond-expr","locations":[{"start":{"line":5,"column":94},"end":{"line":5,"column":98}},{"start":{"line":5,"column":101},"end":{"line":5,"column":143}}],"line":5},"8":{"loc":{"start":{"line":5,"column":101},"end":{"line":5,"column":143}},"type":"cond-expr","locations":[{"start":{"line":5,"column":109},"end":{"line":5,"column":126}},{"start":{"line":5,"column":129},"end":{"line":5,"column":143}}],"line":5},"9":{"loc":{"start":{"line":6,"column":11},"end":{"line":6,"column":62}},"type":"binary-expr","locations":[{"start":{"line":6,"column":11},"end":{"line":6,"column":16}},{"start":{"line":6,"column":20},"end":{"line":6,"column":21}},{"start":{"line":6,"column":25},"end":{"line":6,"column":62}}],"line":6}},"s":{"0":0,"1":0,"2":0,"3":0,"4":0,"5":0,"6":0,"7":0,"8":0,"9":0,"10":0,"11":0,"12":0,"13":0,"14":0,"15":0,"16":0,"17":0,"18":0},"f":{"0":0,"1":0},"b":{"0":[0,0,0],"1":[0,0],"2":[0,0],"3":[0,0],"4":[0,0],"5":[0,0],"6":[0,0],"7":[0,0],"8":[0,0],"9":[0,0,0]}}
,"/Users/danielhennies/Documents/Web-application-fitness/backend_nestjs/src/auth/auth.controller.ts": {"path":"/Users/danielhennies/Documents/Web-application-fitness/backend_nestjs/src/auth/auth.controller.ts","statementMap":{"0":{"start":{"line":2,"column":17},"end":{"line":7,"column":1}},"1":{"start":{"line":3,"column":12},"end":{"line":3,"column":28}},"2":{"start":{"line":3,"column":34},"end":{"line":3,"column":125}},"3":{"start":{"line":4,"column":4},"end":{"line":5,"column":150}},"4":{"start":{"line":4,"column":79},"end":{"line":4,"column":131}},"5":{"start":{"line":5,"column":9},"end":{"line":5,"column":150}},"6":{"start":{"line":5,"column":22},"end":{"line":5,"column":43}},"7":{"start":{"line":5,"column":58},"end":{"line":5,"column":150}},"8":{"start":{"line":5,"column":81},"end":{"line":5,"column":150}},"9":{"start":{"line":6,"column":4},"end":{"line":6,"column":66}},"10":{"start":{"line":8,"column":17},"end":{"line":10,"column":1}},"11":{"start":{"line":9,"column":4},"end":{"line":9,"column":109}},"12":{"start":{"line":9,"column":79},"end":{"line":9,"column":109}},"13":{"start":{"line":11,"column":14},"end":{"line":13,"column":1}},"14":{"start":{"line":12,"column":4},"end":{"line":12,"column":73}},"15":{"start":{"line":12,"column":36},"end":{"line":12,"column":71}},"16":{"start":{"line":14,"column":0},"end":{"line":14,"column":62}},"17":{"start":{"line":15,"column":0},"end":{"line":15,"column":32}},"18":{"start":{"line":16,"column":17},"end":{"line":16,"column":42}},"19":{"start":{"line":17,"column":23},"end":{"line":17,"column":48}},"20":{"start":{"line":18,"column":25},"end":{"line":18,"column":52}},"21":{"start":{"line":19,"column":19},"end":{"line":19,"column":44}},"22":{"start":{"line":20,"column":16},"end":{"line":20,"column":35}},"23":{"start":{"line":21,"column":21},"end":{"line":81,"column":1}},"24":{"start":{"line":23,"column":8},"end":{"line":23,"column":39}},"25":{"start":{"line":26,"column":21},"end":{"line":26,"column":58}},"26":{"start":{"line":27,"column":8},"end":{"line":28,"column":74}},"27":{"start":{"line":28,"column":12},"end":{"line":28,"column":74}},"28":{"start":{"line":29,"column":8},"end":{"line":29,"column":54}},"29":{"start":{"line":32,"column":21},"end":{"line":32,"column":83}},"30":{"start":{"line":33,"column":8},"end":{"line":34,"column":76}},"31":{"start":{"line":34,"column":12},"end":{"line":34,"column":76}},"32":{"start":{"line":35,"column":33},"end":{"line":35,"column":67}},"33":{"start":{"line":36,"column":8},"end":{"line":41,"column":11}},"34":{"start":{"line":42,"column":8},"end":{"line":42,"column":53}},"35":{"start":{"line":45,"column":8},"end":{"line":45,"column":58}},"36":{"start":{"line":46,"column":8},"end":{"line":46,"column":56}},"37":{"start":{"line":49,"column":8},"end":{"line":49,"column":92}},"38":{"start":{"line":50,"column":8},"end":{"line":50,"column":58}},"39":{"start":{"line":53,"column":8},"end":{"line":53,"column":55}},"40":{"start":{"line":56,"column":33},"end":{"line":56,"column":78}},"41":{"start":{"line":57,"column":8},"end":{"line":62,"column":11}},"42":{"start":{"line":63,"column":8},"end":{"line":63,"column":59}},"43":{"start":{"line":66,"column":22},"end":{"line":66,"column":38}},"44":{"start":{"line":67,"column":8},"end":{"line":74,"column":9}},"45":{"start":{"line":68,"column":28},"end":{"line":68,"column":93}},"46":{"start":{"line":69,"column":24},"end":{"line":69,"column":67}},"47":{"start":{"line":70,"column":12},"end":{"line":73,"column":13}},"48":{"start":{"line":71,"column":16},"end":{"line":71,"column":89}},"49":{"start":{"line":72,"column":16},"end":{"line":72,"column":68}},"50":{"start":{"line":75,"column":8},"end":{"line":75,"column":31}},"51":{"start":{"line":76,"column":8},"end":{"line":76,"column":41}},"52":{"start":{"line":79,"column":8},"end":{"line":79,"column":24}},"53":{"start":{"line":82,"column":0},"end":{"line":82,"column":40}},"54":{"start":{"line":83,"column":0},"end":{"line":89,"column":47}},"55":{"start":{"line":90,"column":0},"end":{"line":97,"column":44}},"56":{"start":{"line":98,"column":0},"end":{"line":104,"column":53}},"57":{"start":{"line":105,"column":0},"end":{"line":111,"column":52}},"58":{"start":{"line":112,"column":0},"end":{"line":119,"column":48}},"59":{"start":{"line":120,"column":0},"end":{"line":128,"column":51}},"60":{"start":{"line":129,"column":0},"end":{"line":136,"column":45}},"61":{"start":{"line":137,"column":0},"end":{"line":144,"column":49}},"62":{"start":{"line":145,"column":0},"end":{"line":148,"column":19}}},"fnMap":{"0":{"name":"(anonymous_0)","decl":{"start":{"line":2,"column":46},"end":{"line":2,"column":47}},"loc":{"start":{"line":2,"column":87},"end":{"line":7,"column":1}},"line":2},"1":{"name":"(anonymous_1)","decl":{"start":{"line":8,"column":46},"end":{"line":8,"column":47}},"loc":{"start":{"line":8,"column":62},"end":{"line":10,"column":1}},"line":8},"2":{"name":"(anonymous_2)","decl":{"start":{"line":11,"column":40},"end":{"line":11,"column":41}},"loc":{"start":{"line":11,"column":73},"end":{"line":13,"column":1}},"line":11},"3":{"name":"(anonymous_3)","decl":{"start":{"line":12,"column":11},"end":{"line":12,"column":12}},"loc":{"start":{"line":12,"column":34},"end":{"line":12,"column":73}},"line":12},"4":{"name":"(anonymous_4)","decl":{"start":{"line":22,"column":4},"end":{"line":22,"column":5}},"loc":{"start":{"line":22,"column":29},"end":{"line":24,"column":5}},"line":22},"5":{"name":"(anonymous_5)","decl":{"start":{"line":25,"column":4},"end":{"line":25,"column":5}},"loc":{"start":{"line":25,"column":25},"end":{"line":30,"column":5}},"line":25},"6":{"name":"(anonymous_6)","decl":{"start":{"line":31,"column":4},"end":{"line":31,"column":5}},"loc":{"start":{"line":31,"column":27},"end":{"line":43,"column":5}},"line":31},"7":{"name":"(anonymous_7)","decl":{"start":{"line":44,"column":4},"end":{"line":44,"column":5}},"loc":{"start":{"line":44,"column":31},"end":{"line":47,"column":5}},"line":44},"8":{"name":"(anonymous_8)","decl":{"start":{"line":48,"column":4},"end":{"line":48,"column":5}},"loc":{"start":{"line":48,"column":30},"end":{"line":51,"column":5}},"line":48},"9":{"name":"(anonymous_9)","decl":{"start":{"line":52,"column":4},"end":{"line":52,"column":5}},"loc":{"start":{"line":52,"column":19},"end":{"line":54,"column":5}},"line":52},"10":{"name":"(anonymous_10)","decl":{"start":{"line":55,"column":4},"end":{"line":55,"column":5}},"loc":{"start":{"line":55,"column":33},"end":{"line":64,"column":5}},"line":55},"11":{"name":"(anonymous_11)","decl":{"start":{"line":65,"column":4},"end":{"line":65,"column":5}},"loc":{"start":{"line":65,"column":27},"end":{"line":77,"column":5}},"line":65},"12":{"name":"(anonymous_12)","decl":{"start":{"line":78,"column":4},"end":{"line":78,"column":5}},"loc":{"start":{"line":78,"column":20},"end":{"line":80,"column":5}},"line":78}},"branchMap":{"0":{"loc":{"start":{"line":2,"column":17},"end":{"line":7,"column":1}},"type":"binary-expr","locations":[{"start":{"line":2,"column":18},"end":{"line":2,"column":22}},{"start":{"line":2,"column":26},"end":{"line":2,"column":41}},{"start":{"line":2,"column":46},"end":{"line":7,"column":1}}],"line":2},"1":{"loc":{"start":{"line":3,"column":34},"end":{"line":3,"column":125}},"type":"cond-expr","locations":[{"start":{"line":3,"column":42},"end":{"line":3,"column":48}},{"start":{"line":3,"column":51},"end":{"line":3,"column":125}}],"line":3},"2":{"loc":{"start":{"line":3,"column":51},"end":{"line":3,"column":125}},"type":"cond-expr","locations":[{"start":{"line":3,"column":67},"end":{"line":3,"column":118}},{"start":{"line":3,"column":121},"end":{"line":3,"column":125}}],"line":3},"3":{"loc":{"start":{"line":4,"column":4},"end":{"line":5,"column":150}},"type":"if","locations":[{"start":{"line":4,"column":4},"end":{"line":5,"column":150}},{"start":{"line":5,"column":9},"end":{"line":5,"column":150}}],"line":4},"4":{"loc":{"start":{"line":4,"column":8},"end":{"line":4,"column":77}},"type":"binary-expr","locations":[{"start":{"line":4,"column":8},"end":{"line":4,"column":35}},{"start":{"line":4,"column":39},"end":{"line":4,"column":77}}],"line":4},"5":{"loc":{"start":{"line":5,"column":58},"end":{"line":5,"column":150}},"type":"if","locations":[{"start":{"line":5,"column":58},"end":{"line":5,"column":150}},{"start":{},"end":{}}],"line":5},"6":{"loc":{"start":{"line":5,"column":85},"end":{"line":5,"column":149}},"type":"binary-expr","locations":[{"start":{"line":5,"column":86},"end":{"line":5,"column":143}},{"start":{"line":5,"column":148},"end":{"line":5,"column":149}}],"line":5},"7":{"loc":{"start":{"line":5,"column":86},"end":{"line":5,"column":143}},"type":"cond-expr","locations":[{"start":{"line":5,"column":94},"end":{"line":5,"column":98}},{"start":{"line":5,"column":101},"end":{"line":5,"column":143}}],"line":5},"8":{"loc":{"start":{"line":5,"column":101},"end":{"line":5,"column":143}},"type":"cond-expr","locations":[{"start":{"line":5,"column":109},"end":{"line":5,"column":126}},{"start":{"line":5,"column":129},"end":{"line":5,"column":143}}],"line":5},"9":{"loc":{"start":{"line":6,"column":11},"end":{"line":6,"column":62}},"type":"binary-expr","locations":[{"start":{"line":6,"column":11},"end":{"line":6,"column":16}},{"start":{"line":6,"column":20},"end":{"line":6,"column":21}},{"start":{"line":6,"column":25},"end":{"line":6,"column":62}}],"line":6},"10":{"loc":{"start":{"line":8,"column":17},"end":{"line":10,"column":1}},"type":"binary-expr","locations":[{"start":{"line":8,"column":18},"end":{"line":8,"column":22}},{"start":{"line":8,"column":26},"end":{"line":8,"column":41}},{"start":{"line":8,"column":46},"end":{"line":10,"column":1}}],"line":8},"11":{"loc":{"start":{"line":9,"column":4},"end":{"line":9,"column":109}},"type":"if","locations":[{"start":{"line":9,"column":4},"end":{"line":9,"column":109}},{"start":{},"end":{}}],"line":9},"12":{"loc":{"start":{"line":9,"column":8},"end":{"line":9,"column":77}},"type":"binary-expr","locations":[{"start":{"line":9,"column":8},"end":{"line":9,"column":35}},{"start":{"line":9,"column":39},"end":{"line":9,"column":77}}],"line":9},"13":{"loc":{"start":{"line":11,"column":14},"end":{"line":13,"column":1}},"type":"binary-expr","locations":[{"start":{"line":11,"column":15},"end":{"line":11,"column":19}},{"start":{"line":11,"column":23},"end":{"line":11,"column":35}},{"start":{"line":11,"column":40},"end":{"line":13,"column":1}}],"line":11},"14":{"loc":{"start":{"line":27,"column":8},"end":{"line":28,"column":74}},"type":"if","locations":[{"start":{"line":27,"column":8},"end":{"line":28,"column":74}},{"start":{},"end":{}}],"line":27},"15":{"loc":{"start":{"line":33,"column":8},"end":{"line":34,"column":76}},"type":"if","locations":[{"start":{"line":33,"column":8},"end":{"line":34,"column":76}},{"start":{},"end":{}}],"line":33},"16":{"loc":{"start":{"line":67,"column":8},"end":{"line":74,"column":9}},"type":"if","locations":[{"start":{"line":67,"column":8},"end":{"line":74,"column":9}},{"start":{},"end":{}}],"line":67},"17":{"loc":{"start":{"line":70,"column":12},"end":{"line":73,"column":13}},"type":"if","locations":[{"start":{"line":70,"column":12},"end":{"line":73,"column":13}},{"start":{},"end":{}}],"line":70}},"s":{"0":0,"1":0,"2":0,"3":0,"4":0,"5":0,"6":0,"7":0,"8":0,"9":0,"10":0,"11":0,"12":0,"13":0,"14":0,"15":0,"16":0,"17":0,"18":0,"19":0,"20":0,"21":0,"22":0,"23":0,"24":0,"25":0,"26":0,"27":0,"28":0,"29":0,"30":0,"31":0,"32":0,"33":0,"34":0,"35":0,"36":0,"37":0,"38":0,"39":0,"40":0,"41":0,"42":0,"43":0,"44":0,"45":0,"46":0,"47":0,"48":0,"49":0,"50":0,"51":0,"52":0,"53":0,"54":0,"55":0,"56":0,"57":0,"58":0,"59":0,"60":0,"61":0,"62":0},"f":{"0":0,"1":0,"2":0,"3":0,"4":0,"5":0,"6":0,"7":0,"8":0,"9":0,"10":0,"11":0,"12":0},"b":{"0":[0,0,0],"1":[0,0],"2":[0,0],"3":[0,0],"4":[0,0],"5":[0,0],"6":[0,0],"7":[0,0],"8":[0,0],"9":[0,0,0],"10":[0,0,0],"11":[0,0],"12":[0,0],"13":[0,0,0],"14":[0,0],"15":[0,0],"16":[0,0],"17":[0,0]}}
,"/Users/danielhennies/Documents/Web-application-fitness/backend_nestjs/src/auth/auth.module.ts": {"path":"/Users/danielhennies/Documents/Web-application-fitness/backend_nestjs/src/auth/auth.module.ts","statementMap":{"0":{"start":{"line":2,"column":17},"end":{"line":7,"column":1}},"1":{"start":{"line":3,"column":12},"end":{"line":3,"column":28}},"2":{"start":{"line":3,"column":34},"end":{"line":3,"column":125}},"3":{"start":{"line":4,"column":4},"end":{"line":5,"column":150}},"4":{"start":{"line":4,"column":79},"end":{"line":4,"column":131}},"5":{"start":{"line":5,"column":9},"end":{"line":5,"column":150}},"6":{"start":{"line":5,"column":22},"end":{"line":5,"column":43}},"7":{"start":{"line":5,"column":58},"end":{"line":5,"column":150}},"8":{"start":{"line":5,"column":81},"end":{"line":5,"column":150}},"9":{"start":{"line":6,"column":4},"end":{"line":6,"column":66}},"10":{"start":{"line":8,"column":0},"end":{"line":8,"column":62}},"11":{"start":{"line":9,"column":0},"end":{"line":9,"column":28}},"12":{"start":{"line":10,"column":17},"end":{"line":10,"column":42}},"13":{"start":{"line":11,"column":14},"end":{"line":11,"column":36}},"14":{"start":{"line":12,"column":19},"end":{"line":12,"column":46}},"15":{"start":{"line":13,"column":23},"end":{"line":13,"column":48}},"16":{"start":{"line":14,"column":23},"end":{"line":14,"column":48}},"17":{"start":{"line":15,"column":26},"end":{"line":15,"column":54}},"18":{"start":{"line":16,"column":24},"end":{"line":16,"column":58}},"19":{"start":{"line":17,"column":17},"end":{"line":18,"column":1}},"20":{"start":{"line":19,"column":0},"end":{"line":19,"column":32}},"21":{"start":{"line":20,"column":0},"end":{"line":38,"column":15}}},"fnMap":{"0":{"name":"(anonymous_0)","decl":{"start":{"line":2,"column":46},"end":{"line":2,"column":47}},"loc":{"start":{"line":2,"column":87},"end":{"line":7,"column":1}},"line":2}},"branchMap":{"0":{"loc":{"start":{"line":2,"column":17},"end":{"line":7,"column":1}},"type":"binary-expr","locations":[{"start":{"line":2,"column":18},"end":{"line":2,"column":22}},{"start":{"line":2,"column":26},"end":{"line":2,"column":41}},{"start":{"line":2,"column":46},"end":{"line":7,"column":1}}],"line":2},"1":{"loc":{"start":{"line":3,"column":34},"end":{"line":3,"column":125}},"type":"cond-expr","locations":[{"start":{"line":3,"column":42},"end":{"line":3,"column":48}},{"start":{"line":3,"column":51},"end":{"line":3,"column":125}}],"line":3},"2":{"loc":{"start":{"line":3,"column":51},"end":{"line":3,"column":125}},"type":"cond-expr","locations":[{"start":{"line":3,"column":67},"end":{"line":3,"column":118}},{"start":{"line":3,"column":121},"end":{"line":3,"column":125}}],"line":3},"3":{"loc":{"start":{"line":4,"column":4},"end":{"line":5,"column":150}},"type":"if","locations":[{"start":{"line":4,"column":4},"end":{"line":5,"column":150}},{"start":{"line":5,"column":9},"end":{"line":5,"column":150}}],"line":4},"4":{"loc":{"start":{"line":4,"column":8},"end":{"line":4,"column":77}},"type":"binary-expr","locations":[{"start":{"line":4,"column":8},"end":{"line":4,"column":35}},{"start":{"line":4,"column":39},"end":{"line":4,"column":77}}],"line":4},"5":{"loc":{"start":{"line":5,"column":58},"end":{"line":5,"column":150}},"type":"if","locations":[{"start":{"line":5,"column":58},"end":{"line":5,"column":150}},{"start":{},"end":{}}],"line":5},"6":{"loc":{"start":{"line":5,"column":85},"end":{"line":5,"column":149}},"type":"binary-expr","locations":[{"start":{"line":5,"column":86},"end":{"line":5,"column":143}},{"start":{"line":5,"column":148},"end":{"line":5,"column":149}}],"line":5},"7":{"loc":{"start":{"line":5,"column":86},"end":{"line":5,"column":143}},"type":"cond-expr","locations":[{"start":{"line":5,"column":94},"end":{"line":5,"column":98}},{"start":{"line":5,"column":101},"end":{"line":5,"column":143}}],"line":5},"8":{"loc":{"start":{"line":5,"column":101},"end":{"line":5,"column":143}},"type":"cond-expr","locations":[{"start":{"line":5,"column":109},"end":{"line":5,"column":126}},{"start":{"line":5,"column":129},"end":{"line":5,"column":143}}],"line":5},"9":{"loc":{"start":{"line":6,"column":11},"end":{"line":6,"column":62}},"type":"binary-expr","locations":[{"start":{"line":6,"column":11},"end":{"line":6,"column":16}},{"start":{"line":6,"column":20},"end":{"line":6,"column":21}},{"start":{"line":6,"column":25},"end":{"line":6,"column":62}}],"line":6},"10":{"loc":{"start":{"line":26,"column":24},"end":{"line":26,"column":58}},"type":"binary-expr","locations":[{"start":{"line":26,"column":24},"end":{"line":26,"column":46}},{"start":{"line":26,"column":50},"end":{"line":26,"column":58}}],"line":26}},"s":{"0":0,"1":0,"2":0,"3":0,"4":0,"5":0,"6":0,"7":0,"8":0,"9":0,"10":0,"11":0,"12":0,"13":0,"14":0,"15":0,"16":0,"17":0,"18":0,"19":0,"20":0,"21":0},"f":{"0":0},"b":{"0":[0,0,0],"1":[0,0],"2":[0,0],"3":[0,0],"4":[0,0],"5":[0,0],"6":[0,0],"7":[0,0],"8":[0,0],"9":[0,0,0],"10":[0,0]}}
,"/Users/danielhennies/Documents/Web-application-fitness/backend_nestjs/src/auth/auth.service.ts": {"path":"/Users/danielhennies/Documents/Web-application-fitness/backend_nestjs/src/auth/auth.service.ts","statementMap":{"0":{"start":{"line":2,"column":22},"end":{"line":12,"column":3}},"1":{"start":{"line":3,"column":4},"end":{"line":3,"column":33}},"2":{"start":{"line":3,"column":26},"end":{"line":3,"column":33}},"3":{"start":{"line":4,"column":15},"end":{"line":4,"column":52}},"4":{"start":{"line":5,"column":4},"end":{"line":7,"column":5}},"5":{"start":{"line":6,"column":6},"end":{"line":6,"column":68}},"6":{"start":{"line":6,"column":51},"end":{"line":6,"column":63}},"7":{"start":{"line":8,"column":4},"end":{"line":8,"column":39}},"8":{"start":{"line":10,"column":4},"end":{"line":10,"column":33}},"9":{"start":{"line":10,"column":26},"end":{"line":10,"column":33}},"10":{"start":{"line":11,"column":4},"end":{"line":11,"column":17}},"11":{"start":{"line":13,"column":25},"end":{"line":17,"column":2}},"12":{"start":{"line":14,"column":4},"end":{"line":14,"column":72}},"13":{"start":{"line":16,"column":4},"end":{"line":16,"column":21}},"14":{"start":{"line":18,"column":17},"end":{"line":23,"column":1}},"15":{"start":{"line":19,"column":12},"end":{"line":19,"column":28}},"16":{"start":{"line":19,"column":34},"end":{"line":19,"column":125}},"17":{"start":{"line":20,"column":4},"end":{"line":21,"column":150}},"18":{"start":{"line":20,"column":79},"end":{"line":20,"column":131}},"19":{"start":{"line":21,"column":9},"end":{"line":21,"column":150}},"20":{"start":{"line":21,"column":22},"end":{"line":21,"column":43}},"21":{"start":{"line":21,"column":58},"end":{"line":21,"column":150}},"22":{"start":{"line":21,"column":81},"end":{"line":21,"column":150}},"23":{"start":{"line":22,"column":4},"end":{"line":22,"column":66}},"24":{"start":{"line":24,"column":19},"end":{"line":40,"column":4}},"25":{"start":{"line":25,"column":18},"end":{"line":32,"column":5}},"26":{"start":{"line":26,"column":8},"end":{"line":30,"column":10}},"27":{"start":{"line":27,"column":21},"end":{"line":27,"column":23}},"28":{"start":{"line":28,"column":12},"end":{"line":28,"column":95}},"29":{"start":{"line":28,"column":29},"end":{"line":28,"column":95}},"30":{"start":{"line":28,"column":77},"end":{"line":28,"column":95}},"31":{"start":{"line":29,"column":12},"end":{"line":29,"column":22}},"32":{"start":{"line":31,"column":8},"end":{"line":31,"column":26}},"33":{"start":{"line":33,"column":4},"end":{"line":39,"column":6}},"34":{"start":{"line":34,"column":8},"end":{"line":34,"column":46}},"35":{"start":{"line":34,"column":35},"end":{"line":34,"column":46}},"36":{"start":{"line":35,"column":21},"end":{"line":35,"column":23}},"37":{"start":{"line":36,"column":8},"end":{"line":36,"column":137}},"38":{"start":{"line":36,"column":25},"end":{"line":36,"column":137}},"39":{"start":{"line":36,"column":38},"end":{"line":36,"column":50}},"40":{"start":{"line":36,"column":56},"end":{"line":36,"column":57}},"41":{"start":{"line":36,"column":78},"end":{"line":36,"column":137}},"42":{"start":{"line":36,"column":102},"end":{"line":36,"column":137}},"43":{"start":{"line":37,"column":8},"end":{"line":37,"column":40}},"44":{"start":{"line":38,"column":8},"end":{"line":38,"column":22}},"45":{"start":{"line":41,"column":17},"end":{"line":43,"column":1}},"46":{"start":{"line":42,"column":4},"end":{"line":42,"column":109}},"47":{"start":{"line":42,"column":79},"end":{"line":42,"column":109}},"48":{"start":{"line":44,"column":14},"end":{"line":46,"column":1}},"49":{"start":{"line":45,"column":4},"end":{"line":45,"column":73}},"50":{"start":{"line":45,"column":36},"end":{"line":45,"column":71}},"51":{"start":{"line":47,"column":0},"end":{"line":47,"column":62}},"52":{"start":{"line":48,"column":0},"end":{"line":48,"column":29}},"53":{"start":{"line":49,"column":17},"end":{"line":49,"column":42}},"54":{"start":{"line":50,"column":14},"end":{"line":50,"column":36}},"55":{"start":{"line":51,"column":17},"end":{"line":51,"column":42}},"56":{"start":{"line":52,"column":15},"end":{"line":52,"column":46}},"57":{"start":{"line":53,"column":19},"end":{"line":53,"column":54}},"58":{"start":{"line":54,"column":15},"end":{"line":54,"column":30}},"59":{"start":{"line":55,"column":16},"end":{"line":55,"column":35}},"60":{"start":{"line":56,"column":18},"end":{"line":144,"column":1}},"61":{"start":{"line":58,"column":8},"end":{"line":58,"column":29}},"62":{"start":{"line":59,"column":8},"end":{"line":59,"column":37}},"63":{"start":{"line":62,"column":21},"end":{"line":62,"column":98}},"64":{"start":{"line":63,"column":8},"end":{"line":64,"column":71}},"65":{"start":{"line":64,"column":12},"end":{"line":64,"column":71}},"66":{"start":{"line":65,"column":8},"end":{"line":68,"column":9}},"67":{"start":{"line":66,"column":44},"end":{"line":66,"column":48}},"68":{"start":{"line":67,"column":12},"end":{"line":67,"column":26}},"69":{"start":{"line":69,"column":8},"end":{"line":69,"column":20}},"70":{"start":{"line":72,"column":24},"end":{"line":72,"column":59}},"71":{"start":{"line":73,"column":8},"end":{"line":73,"column":57}},"72":{"start":{"line":74,"column":8},"end":{"line":76,"column":10}},"73":{"start":{"line":79,"column":27},"end":{"line":79,"column":89}},"74":{"start":{"line":80,"column":8},"end":{"line":82,"column":9}},"75":{"start":{"line":81,"column":12},"end":{"line":81,"column":71}},"76":{"start":{"line":83,"column":24},"end":{"line":83,"column":71}},"77":{"start":{"line":84,"column":8},"end":{"line":86,"column":10}},"78":{"start":{"line":90,"column":28},"end":{"line":98,"column":10}},"79":{"start":{"line":99,"column":8},"end":{"line":112,"column":9}},"80":{"start":{"line":100,"column":25},"end":{"line":105,"column":14}},"81":{"start":{"line":106,"column":12},"end":{"line":106,"column":60}},"82":{"start":{"line":108,"column":12},"end":{"line":108,"column":79}},"83":{"start":{"line":111,"column":12},"end":{"line":111,"column":60}},"84":{"start":{"line":115,"column":23},"end":{"line":115,"column":84}},"85":{"start":{"line":116,"column":8},"end":{"line":118,"column":9}},"86":{"start":{"line":117,"column":12},"end":{"line":117,"column":87}},"87":{"start":{"line":119,"column":31},"end":{"line":119,"column":61}},"88":{"start":{"line":120,"column":8},"end":{"line":123,"column":11}},"89":{"start":{"line":124,"column":8},"end":{"line":124,"column":70}},"90":{"start":{"line":127,"column":27},"end":{"line":129,"column":10}},"91":{"start":{"line":130,"column":8},"end":{"line":132,"column":9}},"92":{"start":{"line":131,"column":12},"end":{"line":131,"column":55}},"93":{"start":{"line":133,"column":27},"end":{"line":133,"column":43}},"94":{"start":{"line":134,"column":8},"end":{"line":134,"column":110}},"95":{"start":{"line":135,"column":8},"end":{"line":135,"column":124}},"96":{"start":{"line":138,"column":31},"end":{"line":138,"column":63}},"97":{"start":{"line":139,"column":21},"end":{"line":141,"column":10}},"98":{"start":{"line":142,"column":8},"end":{"line":142,"column":20}},"99":{"start":{"line":145,"column":0},"end":{"line":145,"column":34}},"100":{"start":{"line":146,"column":0},"end":{"line":151,"column":16}}},"fnMap":{"0":{"name":"(anonymous_0)","decl":{"start":{"line":2,"column":74},"end":{"line":2,"column":75}},"loc":{"start":{"line":2,"column":96},"end":{"line":9,"column":1}},"line":2},"1":{"name":"(anonymous_1)","decl":{"start":{"line":6,"column":38},"end":{"line":6,"column":39}},"loc":{"start":{"line":6,"column":49},"end":{"line":6,"column":65}},"line":6},"2":{"name":"(anonymous_2)","decl":{"start":{"line":9,"column":6},"end":{"line":9,"column":7}},"loc":{"start":{"line":9,"column":28},"end":{"line":12,"column":1}},"line":9},"3":{"name":"(anonymous_3)","decl":{"start":{"line":13,"column":80},"end":{"line":13,"column":81}},"loc":{"start":{"line":13,"column":95},"end":{"line":15,"column":1}},"line":13},"4":{"name":"(anonymous_4)","decl":{"start":{"line":15,"column":5},"end":{"line":15,"column":6}},"loc":{"start":{"line":15,"column":20},"end":{"line":17,"column":1}},"line":15},"5":{"name":"(anonymous_5)","decl":{"start":{"line":18,"column":46},"end":{"line":18,"column":47}},"loc":{"start":{"line":18,"column":87},"end":{"line":23,"column":1}},"line":18},"6":{"name":"(anonymous_6)","decl":{"start":{"line":24,"column":51},"end":{"line":24,"column":52}},"loc":{"start":{"line":24,"column":63},"end":{"line":40,"column":1}},"line":24},"7":{"name":"(anonymous_7)","decl":{"start":{"line":25,"column":18},"end":{"line":25,"column":19}},"loc":{"start":{"line":25,"column":30},"end":{"line":32,"column":5}},"line":25},"8":{"name":"(anonymous_8)","decl":{"start":{"line":26,"column":48},"end":{"line":26,"column":49}},"loc":{"start":{"line":26,"column":61},"end":{"line":30,"column":9}},"line":26},"9":{"name":"(anonymous_9)","decl":{"start":{"line":33,"column":11},"end":{"line":33,"column":12}},"loc":{"start":{"line":33,"column":26},"end":{"line":39,"column":5}},"line":33},"10":{"name":"(anonymous_10)","decl":{"start":{"line":41,"column":46},"end":{"line":41,"column":47}},"loc":{"start":{"line":41,"column":62},"end":{"line":43,"column":1}},"line":41},"11":{"name":"(anonymous_11)","decl":{"start":{"line":44,"column":40},"end":{"line":44,"column":41}},"loc":{"start":{"line":44,"column":73},"end":{"line":46,"column":1}},"line":44},"12":{"name":"(anonymous_12)","decl":{"start":{"line":45,"column":11},"end":{"line":45,"column":12}},"loc":{"start":{"line":45,"column":34},"end":{"line":45,"column":73}},"line":45},"13":{"name":"(anonymous_13)","decl":{"start":{"line":57,"column":4},"end":{"line":57,"column":5}},"loc":{"start":{"line":57,"column":36},"end":{"line":60,"column":5}},"line":57},"14":{"name":"(anonymous_14)","decl":{"start":{"line":61,"column":4},"end":{"line":61,"column":5}},"loc":{"start":{"line":61,"column":40},"end":{"line":70,"column":5}},"line":61},"15":{"name":"(anonymous_15)","decl":{"start":{"line":71,"column":4},"end":{"line":71,"column":5}},"loc":{"start":{"line":71,"column":22},"end":{"line":77,"column":5}},"line":71},"16":{"name":"(anonymous_16)","decl":{"start":{"line":78,"column":4},"end":{"line":78,"column":5}},"loc":{"start":{"line":78,"column":29},"end":{"line":87,"column":5}},"line":78},"17":{"name":"(anonymous_17)","decl":{"start":{"line":88,"column":4},"end":{"line":88,"column":5}},"loc":{"start":{"line":88,"column":39},"end":{"line":113,"column":5}},"line":88},"18":{"name":"(anonymous_18)","decl":{"start":{"line":114,"column":4},"end":{"line":114,"column":5}},"loc":{"start":{"line":114,"column":56},"end":{"line":125,"column":5}},"line":114},"19":{"name":"(anonymous_19)","decl":{"start":{"line":126,"column":4},"end":{"line":126,"column":5}},"loc":{"start":{"line":126,"column":32},"end":{"line":136,"column":5}},"line":126},"20":{"name":"(anonymous_20)","decl":{"start":{"line":137,"column":4},"end":{"line":137,"column":5}},"loc":{"start":{"line":137,"column":25},"end":{"line":143,"column":5}},"line":137}},"branchMap":{"0":{"loc":{"start":{"line":2,"column":22},"end":{"line":12,"column":3}},"type":"binary-expr","locations":[{"start":{"line":2,"column":23},"end":{"line":2,"column":27}},{"start":{"line":2,"column":31},"end":{"line":2,"column":51}},{"start":{"line":2,"column":57},"end":{"line":12,"column":2}}],"line":2},"1":{"loc":{"start":{"line":2,"column":57},"end":{"line":12,"column":2}},"type":"cond-expr","locations":[{"start":{"line":2,"column":74},"end":{"line":9,"column":1}},{"start":{"line":9,"column":6},"end":{"line":12,"column":1}}],"line":2},"2":{"loc":{"start":{"line":3,"column":4},"end":{"line":3,"column":33}},"type":"if","locations":[{"start":{"line":3,"column":4},"end":{"line":3,"column":33}},{"start":{},"end":{}}],"line":3},"3":{"loc":{"start":{"line":5,"column":4},"end":{"line":7,"column":5}},"type":"if","locations":[{"start":{"line":5,"column":4},"end":{"line":7,"column":5}},{"start":{},"end":{}}],"line":5},"4":{"loc":{"start":{"line":5,"column":8},"end":{"line":5,"column":85}},"type":"binary-expr","locations":[{"start":{"line":5,"column":8},"end":{"line":5,"column":13}},{"start":{"line":5,"column":18},"end":{"line":5,"column":84}}],"line":5},"5":{"loc":{"start":{"line":5,"column":18},"end":{"line":5,"column":84}},"type":"cond-expr","locations":[{"start":{"line":5,"column":34},"end":{"line":5,"column":47}},{"start":{"line":5,"column":50},"end":{"line":5,"column":84}}],"line":5},"6":{"loc":{"start":{"line":5,"column":50},"end":{"line":5,"column":84}},"type":"binary-expr","locations":[{"start":{"line":5,"column":50},"end":{"line":5,"column":63}},{"start":{"line":5,"column":67},"end":{"line":5,"column":84}}],"line":5},"7":{"loc":{"start":{"line":10,"column":4},"end":{"line":10,"column":33}},"type":"if","locations":[{"start":{"line":10,"column":4},"end":{"line":10,"column":33}},{"start":{},"end":{}}],"line":10},"8":{"loc":{"start":{"line":13,"column":25},"end":{"line":17,"column":2}},"type":"binary-expr","locations":[{"start":{"line":13,"column":26},"end":{"line":13,"column":30}},{"start":{"line":13,"column":34},"end":{"line":13,"column":57}},{"start":{"line":13,"column":63},"end":{"line":17,"column":1}}],"line":13},"9":{"loc":{"start":{"line":13,"column":63},"end":{"line":17,"column":1}},"type":"cond-expr","locations":[{"start":{"line":13,"column":80},"end":{"line":15,"column":1}},{"start":{"line":15,"column":5},"end":{"line":17,"column":1}}],"line":13},"10":{"loc":{"start":{"line":18,"column":17},"end":{"line":23,"column":1}},"type":"binary-expr","locations":[{"start":{"line":18,"column":18},"end":{"line":18,"column":22}},{"start":{"line":18,"column":26},"end":{"line":18,"column":41}},{"start":{"line":18,"column":46},"end":{"line":23,"column":1}}],"line":18},"11":{"loc":{"start":{"line":19,"column":34},"end":{"line":19,"column":125}},"type":"cond-expr","locations":[{"start":{"line":19,"column":42},"end":{"line":19,"column":48}},{"start":{"line":19,"column":51},"end":{"line":19,"column":125}}],"line":19},"12":{"loc":{"start":{"line":19,"column":51},"end":{"line":19,"column":125}},"type":"cond-expr","locations":[{"start":{"line":19,"column":67},"end":{"line":19,"column":118}},{"start":{"line":19,"column":121},"end":{"line":19,"column":125}}],"line":19},"13":{"loc":{"start":{"line":20,"column":4},"end":{"line":21,"column":150}},"type":"if","locations":[{"start":{"line":20,"column":4},"end":{"line":21,"column":150}},{"start":{"line":21,"column":9},"end":{"line":21,"column":150}}],"line":20},"14":{"loc":{"start":{"line":20,"column":8},"end":{"line":20,"column":77}},"type":"binary-expr","locations":[{"start":{"line":20,"column":8},"end":{"line":20,"column":35}},{"start":{"line":20,"column":39},"end":{"line":20,"column":77}}],"line":20},"15":{"loc":{"start":{"line":21,"column":58},"end":{"line":21,"column":150}},"type":"if","locations":[{"start":{"line":21,"column":58},"end":{"line":21,"column":150}},{"start":{},"end":{}}],"line":21},"16":{"loc":{"start":{"line":21,"column":85},"end":{"line":21,"column":149}},"type":"binary-expr","locations":[{"start":{"line":21,"column":86},"end":{"line":21,"column":143}},{"start":{"line":21,"column":148},"end":{"line":21,"column":149}}],"line":21},"17":{"loc":{"start":{"line":21,"column":86},"end":{"line":21,"column":143}},"type":"cond-expr","locations":[{"start":{"line":21,"column":94},"end":{"line":21,"column":98}},{"start":{"line":21,"column":101},"end":{"line":21,"column":143}}],"line":21},"18":{"loc":{"start":{"line":21,"column":101},"end":{"line":21,"column":143}},"type":"cond-expr","locations":[{"start":{"line":21,"column":109},"end":{"line":21,"column":126}},{"start":{"line":21,"column":129},"end":{"line":21,"column":143}}],"line":21},"19":{"loc":{"start":{"line":22,"column":11},"end":{"line":22,"column":62}},"type":"binary-expr","locations":[{"start":{"line":22,"column":11},"end":{"line":22,"column":16}},{"start":{"line":22,"column":20},"end":{"line":22,"column":21}},{"start":{"line":22,"column":25},"end":{"line":22,"column":62}}],"line":22},"20":{"loc":{"start":{"line":24,"column":19},"end":{"line":40,"column":4}},"type":"binary-expr","locations":[{"start":{"line":24,"column":20},"end":{"line":24,"column":24}},{"start":{"line":24,"column":28},"end":{"line":24,"column":45}},{"start":{"line":24,"column":50},"end":{"line":40,"column":4}}],"line":24},"21":{"loc":{"start":{"line":26,"column":18},"end":{"line":30,"column":9}},"type":"binary-expr","locations":[{"start":{"line":26,"column":18},"end":{"line":26,"column":44}},{"start":{"line":26,"column":48},"end":{"line":30,"column":9}}],"line":26},"22":{"loc":{"start":{"line":28,"column":29},"end":{"line":28,"column":95}},"type":"if","locations":[{"start":{"line":28,"column":29},"end":{"line":28,"column":95}},{"start":{},"end":{}}],"line":28},"23":{"loc":{"start":{"line":34,"column":8},"end":{"line":34,"column":46}},"type":"if","locations":[{"start":{"line":34,"column":8},"end":{"line":34,"column":46}},{"start":{},"end":{}}],"line":34},"24":{"loc":{"start":{"line":34,"column":12},"end":{"line":34,"column":33}},"type":"binary-expr","locations":[{"start":{"line":34,"column":12},"end":{"line":34,"column":15}},{"start":{"line":34,"column":19},"end":{"line":34,"column":33}}],"line":34},"25":{"loc":{"start":{"line":36,"column":8},"end":{"line":36,"column":137}},"type":"if","locations":[{"start":{"line":36,"column":8},"end":{"line":36,"column":137}},{"start":{},"end":{}}],"line":36},"26":{"loc":{"start":{"line":36,"column":78},"end":{"line":36,"column":137}},"type":"if","locations":[{"start":{"line":36,"column":78},"end":{"line":36,"column":137}},{"start":{},"end":{}}],"line":36},"27":{"loc":{"start":{"line":41,"column":17},"end":{"line":43,"column":1}},"type":"binary-expr","locations":[{"start":{"line":41,"column":18},"end":{"line":41,"column":22}},{"start":{"line":41,"column":26},"end":{"line":41,"column":41}},{"start":{"line":41,"column":46},"end":{"line
[...]
plans/workout_plans.service.ts","statementMap":{"0":{"start":{"line":2,"column":17},"end":{"line":7,"column":1}},"1":{"start":{"line":3,"column":12},"end":{"line":3,"column":28}},"2":{"start":{"line":3,"column":34},"end":{"line":3,"column":125}},"3":{"start":{"line":4,"column":4},"end":{"line":5,"column":150}},"4":{"start":{"line":4,"column":79},"end":{"line":4,"column":131}},"5":{"start":{"line":5,"column":9},"end":{"line":5,"column":150}},"6":{"start":{"line":5,"column":22},"end":{"line":5,"column":43}},"7":{"start":{"line":5,"column":58},"end":{"line":5,"column":150}},"8":{"start":{"line":5,"column":81},"end":{"line":5,"column":150}},"9":{"start":{"line":6,"column":4},"end":{"line":6,"column":66}},"10":{"start":{"line":8,"column":17},"end":{"line":10,"column":1}},"11":{"start":{"line":9,"column":4},"end":{"line":9,"column":109}},"12":{"start":{"line":9,"column":79},"end":{"line":9,"column":109}},"13":{"start":{"line":11,"column":14},"end":{"line":13,"column":1}},"14":{"start":{"line":12,"column":4},"end":{"line":12,"column":73}},"15":{"start":{"line":12,"column":36},"end":{"line":12,"column":71}},"16":{"start":{"line":14,"column":0},"end":{"line":14,"column":62}},"17":{"start":{"line":15,"column":0},"end":{"line":15,"column":37}},"18":{"start":{"line":16,"column":17},"end":{"line":16,"column":42}},"19":{"start":{"line":17,"column":17},"end":{"line":17,"column":42}},"20":{"start":{"line":18,"column":26},"end":{"line":151,"column":1}},"21":{"start":{"line":20,"column":8},"end":{"line":20,"column":29}},"22":{"start":{"line":23,"column":8},"end":{"line":26,"column":11}},"23":{"start":{"line":27,"column":8},"end":{"line":27,"column":69}},"24":{"start":{"line":30,"column":8},"end":{"line":30,"column":86}},"25":{"start":{"line":31,"column":21},"end":{"line":31,"column":96}},"26":{"start":{"line":32,"column":8},"end":{"line":34,"column":9}},"27":{"start":{"line":33,"column":12},"end":{"line":33,"column":54}},"28":{"start":{"line":35,"column":8},"end":{"line":52,"column":11}},"29":{"start":{"line":42,"column":64},"end":{"line":48,"column":25}},"30":{"start":{"line":53,"column":8},"end":{"line":53,"column":64}},"31":{"start":{"line":56,"column":22},"end":{"line":68,"column":10}},"32":{"start":{"line":69,"column":8},"end":{"line":82,"column":11}},"33":{"start":{"line":71,"column":33},"end":{"line":71,"column":42}},"34":{"start":{"line":72,"column":12},"end":{"line":77,"column":13}},"35":{"start":{"line":73,"column":33},"end":{"line":73,"column":64}},"36":{"start":{"line":74,"column":16},"end":{"line":76,"column":17}},"37":{"start":{"line":75,"column":20},"end":{"line":75,"column":62}},"38":{"start":{"line":78,"column":12},"end":{"line":81,"column":14}},"39":{"start":{"line":85,"column":36},"end":{"line":85,"column":40}},"40":{"start":{"line":86,"column":28},"end":{"line":102,"column":10}},"41":{"start":{"line":92,"column":59},"end":{"line":98,"column":25}},"42":{"start":{"line":103,"column":8},"end":{"line":103,"column":64}},"43":{"start":{"line":106,"column":8},"end":{"line":106,"column":101}},"44":{"start":{"line":107,"column":8},"end":{"line":107,"column":87}},"45":{"start":{"line":108,"column":8},"end":{"line":108,"column":74}},"46":{"start":{"line":109,"column":8},"end":{"line":109,"column":64}},"47":{"start":{"line":112,"column":21},"end":{"line":114,"column":10}},"48":{"start":{"line":115,"column":8},"end":{"line":117,"column":9}},"49":{"start":{"line":116,"column":12},"end":{"line":116,"column":54}},"50":{"start":{"line":118,"column":22},"end":{"line":118,"column":32}},"51":{"start":{"line":119,"column":8},"end":{"line":119,"column":35}},"52":{"start":{"line":120,"column":25},"end":{"line":126,"column":10}},"53":{"start":{"line":127,"column":8},"end":{"line":137,"column":9}},"54":{"start":{"line":128,"column":12},"end":{"line":135,"column":15}},"55":{"start":{"line":136,"column":12},"end":{"line":136,"column":64}},"56":{"start":{"line":138,"column":8},"end":{"line":148,"column":11}},"57":{"start":{"line":149,"column":8},"end":{"line":149,"column":75}},"58":{"start":{"line":152,"column":0},"end":{"line":152,"column":50}},"59":{"start":{"line":153,"column":0},"end":{"line":157,"column":24}}},"fnMap":{"0":{"name":"(anonymous_0)","decl":{"start":{"line":2,"column":46},"end":{"line":2,"column":47}},"loc":{"start":{"line":2,"column":87},"end":{"line":7,"column":1}},"line":2},"1":{"name":"(anonymous_1)","decl":{"start":{"line":8,"column":46},"end":{"line":8,"column":47}},"loc":{"start":{"line":8,"column":62},"end":{"line":10,"column":1}},"line":8},"2":{"name":"(anonymous_2)","decl":{"start":{"line":11,"column":40},"end":{"line":11,"column":41}},"loc":{"start":{"line":11,"column":73},"end":{"line":13,"column":1}},"line":11},"3":{"name":"(anonymous_3)","decl":{"start":{"line":12,"column":11},"end":{"line":12,"column":12}},"loc":{"start":{"line":12,"column":34},"end":{"line":12,"column":73}},"line":12},"4":{"name":"(anonymous_4)","decl":{"start":{"line":19,"column":4},"end":{"line":19,"column":5}},"loc":{"start":{"line":19,"column":24},"end":{"line":21,"column":5}},"line":19},"5":{"name":"(anonymous_5)","decl":{"start":{"line":22,"column":4},"end":{"line":22,"column":5}},"loc":{"start":{"line":22,"column":49},"end":{"line":28,"column":5}},"line":22},"6":{"name":"(anonymous_6)","decl":{"start":{"line":29,"column":4},"end":{"line":29,"column":5}},"loc":{"start":{"line":29,"column":32},"end":{"line":54,"column":5}},"line":29},"7":{"name":"(anonymous_7)","decl":{"start":{"line":42,"column":49},"end":{"line":42,"column":50}},"loc":{"start":{"line":42,"column":64},"end":{"line":48,"column":25}},"line":42},"8":{"name":"(anonymous_8)","decl":{"start":{"line":55,"column":4},"end":{"line":55,"column":5}},"loc":{"start":{"line":55,"column":34},"end":{"line":83,"column":5}},"line":55},"9":{"name":"(anonymous_9)","decl":{"start":{"line":69,"column":25},"end":{"line":69,"column":26}},"loc":{"start":{"line":69,"column":35},"end":{"line":82,"column":9}},"line":69},"10":{"name":"(anonymous_10)","decl":{"start":{"line":84,"column":4},"end":{"line":84,"column":5}},"loc":{"start":{"line":84,"column":42},"end":{"line":104,"column":5}},"line":84},"11":{"name":"(anonymous_11)","decl":{"start":{"line":92,"column":44},"end":{"line":92,"column":45}},"loc":{"start":{"line":92,"column":59},"end":{"line":98,"column":25}},"line":92},"12":{"name":"(anonymous_12)","decl":{"start":{"line":105,"column":4},"end":{"line":105,"column":5}},"loc":{"start":{"line":105,"column":36},"end":{"line":110,"column":5}},"line":105},"13":{"name":"(anonymous_13)","decl":{"start":{"line":111,"column":4},"end":{"line":111,"column":5}},"loc":{"start":{"line":111,"column":40},"end":{"line":150,"column":5}},"line":111}},"branchMap":{"0":{"loc":{"start":{"line":2,"column":17},"end":{"line":7,"column":1}},"type":"binary-expr","locations":[{"start":{"line":2,"column":18},"end":{"line":2,"column":22}},{"start":{"line":2,"column":26},"end":{"line":2,"column":41}},{"start":{"line":2,"column":46},"end":{"line":7,"column":1}}],"line":2},"1":{"loc":{"start":{"line":3,"column":34},"end":{"line":3,"column":125}},"type":"cond-expr","locations":[{"start":{"line":3,"column":42},"end":{"line":3,"column":48}},{"start":{"line":3,"column":51},"end":{"line":3,"column":125}}],"line":3},"2":{"loc":{"start":{"line":3,"column":51},"end":{"line":3,"column":125}},"type":"cond-expr","locations":[{"start":{"line":3,"column":67},"end":{"line":3,"column":118}},{"start":{"line":3,"column":121},"end":{"line":3,"column":125}}],"line":3},"3":{"loc":{"start":{"line":4,"column":4},"end":{"line":5,"column":150}},"type":"if","locations":[{"start":{"line":4,"column":4},"end":{"line":5,"column":150}},{"start":{"line":5,"column":9},"end":{"line":5,"column":150}}],"line":4},"4":{"loc":{"start":{"line":4,"column":8},"end":{"line":4,"column":77}},"type":"binary-expr","locations":[{"start":{"line":4,"column":8},"end":{"line":4,"column":35}},{"start":{"line":4,"column":39},"end":{"line":4,"column":77}}],"line":4},"5":{"loc":{"start":{"line":5,"column":58},"end":{"line":5,"column":150}},"type":"if","locations":[{"start":{"line":5,"column":58},"end":{"line":5,"column":150}},{"start":{},"end":{}}],"line":5},"6":{"loc":{"start":{"line":5,"column":85},"end":{"line":5,"column":149}},"type":"binary-expr","locations":[{"start":{"line":5,"column":86},"end":{"line":5,"column":143}},{"start":{"line":5,"column":148},"end":{"line":5,"column":149}}],"line":5},"7":{"loc":{"start":{"line":5,"column":86},"end":{"line":5,"column":143}},"type":"cond-expr","locations":[{"start":{"line":5,"column":94},"end":{"line":5,"column":98}},{"start":{"line":5,"column":101},"end":{"line":5,"column":143}}],"line":5},"8":{"loc":{"start":{"line":5,"column":101},"end":{"line":5,"column":143}},"type":"cond-expr","locations":[{"start":{"line":5,"column":109},"end":{"line":5,"column":126}},{"start":{"line":5,"column":129},"end":{"line":5,"column":143}}],"line":5},"9":{"loc":{"start":{"line":6,"column":11},"end":{"line":6,"column":62}},"type":"binary-expr","locations":[{"start":{"line":6,"column":11},"end":{"line":6,"column":16}},{"start":{"line":6,"column":20},"end":{"line":6,"column":21}},{"start":{"line":6,"column":25},"end":{"line":6,"column":62}}],"line":6},"10":{"loc":{"start":{"line":8,"column":17},"end":{"line":10,"column":1}},"type":"binary-expr","locations":[{"start":{"line":8,"column":18},"end":{"line":8,"column":22}},{"start":{"line":8,"column":26},"end":{"line":8,"column":41}},{"start":{"line":8,"column":46},"end":{"line":10,"column":1}}],"line":8},"11":{"loc":{"start":{"line":9,"column":4},"end":{"line":9,"column":109}},"type":"if","locations":[{"start":{"line":9,"column":4},"end":{"line":9,"column":109}},{"start":{},"end":{}}],"line":9},"12":{"loc":{"start":{"line":9,"column":8},"end":{"line":9,"column":77}},"type":"binary-expr","locations":[{"start":{"line":9,"column":8},"end":{"line":9,"column":35}},{"start":{"line":9,"column":39},"end":{"line":9,"column":77}}],"line":9},"13":{"loc":{"start":{"line":11,"column":14},"end":{"line":13,"column":1}},"type":"binary-expr","locations":[{"start":{"line":11,"column":15},"end":{"line":11,"column":19}},{"start":{"line":11,"column":23},"end":{"line":11,"column":35}},{"start":{"line":11,"column":40},"end":{"line":13,"column":1}}],"line":11},"14":{"loc":{"start":{"line":32,"column":8},"end":{"line":34,"column":9}},"type":"if","locations":[{"start":{"line":32,"column":8},"end":{"line":34,"column":9}},{"start":{},"end":{}}],"line":32},"15":{"loc":{"start":{"line":38,"column":20},"end":{"line":38,"column":52}},"type":"binary-expr","locations":[{"start":{"line":38,"column":20},"end":{"line":38,"column":29}},{"start":{"line":38,"column":33},"end":{"line":38,"column":52}}],"line":38},"16":{"loc":{"start":{"line":74,"column":16},"end":{"line":76,"column":17}},"type":"if","locations":[{"start":{"line":74,"column":16},"end":{"line":76,"column":17}},{"start":{},"end":{}}],"line":74},"17":{"loc":{"start":{"line":74,"column":20},"end":{"line":74,"column":62}},"type":"binary-expr","locations":[{"start":{"line":74,"column":20},"end":{"line":74,"column":29}},{"start":{"line":74,"column":33},"end":{"line":74,"column":62}}],"line":74},"18":{"loc":{"start":{"line":115,"column":8},"end":{"line":117,"column":9}},"type":"if","locations":[{"start":{"line":115,"column":8},"end":{"line":117,"column":9}},{"start":{},"end":{}}],"line":115},"19":{"loc":{"start":{"line":127,"column":8},"end":{"line":137,"column":9}},"type":"if","locations":[{"start":{"line":127,"column":8},"end":{"line":137,"column":9}},{"start":{},"end":{}}],"line":127}},"s":{"0":1,"1":1,"2":1,"3":1,"4":1,"5":0,"6":0,"7":0,"8":0,"9":1,"10":1,"11":1,"12":1,"13":1,"14":1,"15":1,"16":1,"17":1,"18":1,"19":1,"20":1,"21":10,"22":1,"23":1,"24":2,"25":2,"26":2,"27":1,"28":1,"29":1,"30":1,"31":2,"32":2,"33":2,"34":2,"35":2,"36":2,"37":2,"38":2,"39":1,"40":1,"41":1,"42":1,"43":1,"44":1,"45":1,"46":1,"47":3,"48":3,"49":1,"50":2,"51":2,"52":2,"53":2,"54":1,"55":1,"56":1,"57":1,"58":1,"59":1},"f":{"0":1,"1":1,"2":1,"3":1,"4":10,"5":1,"6":2,"7":1,"8":2,"9":2,"10":1,"11":1,"12":1,"13":3},"b":{"0":[1,1,1],"1":[1,0],"2":[0,0],"3":[1,0],"4":[1,1],"5":[0,0],"6":[0,0],"7":[0,0],"8":[0,0],"9":[1,0,0],"10":[1,1,1],"11":[1,0],"12":[1,1],"13":[1,1,1],"14":[1,1],"15":[1,1],"16":[2,0],"17":[2,1],"18":[1,2],"19":[1,1]},"_coverageSchema":"1a1c01bbd47fc00a2c39e90264f33305004495a9","hash":"c7ab7928246e81db232751196c3bbdaae201728a"}
,"/Users/danielhennies/Documents/Web-application-fitness/backend_nestjs/src/workout_plans/dto/workout_plans_dto.ts": {"path":"/Users/danielhennies/Documents/Web-application-fitness/backend_nestjs/src/workout_plans/dto/workout_plans_dto.ts","statementMap":{"0":{"start":{"line":2,"column":17},"end":{"line":7,"column":1}},"1":{"start":{"line":3,"column":12},"end":{"line":3,"column":28}},"2":{"start":{"line":3,"column":34},"end":{"line":3,"column":125}},"3":{"start":{"line":4,"column":4},"end":{"line":5,"column":150}},"4":{"start":{"line":4,"column":79},"end":{"line":4,"column":131}},"5":{"start":{"line":5,"column":9},"end":{"line":5,"column":150}},"6":{"start":{"line":5,"column":22},"end":{"line":5,"column":43}},"7":{"start":{"line":5,"column":58},"end":{"line":5,"column":150}},"8":{"start":{"line":5,"column":81},"end":{"line":5,"column":150}},"9":{"start":{"line":6,"column":4},"end":{"line":6,"column":66}},"10":{"start":{"line":8,"column":17},"end":{"line":10,"column":1}},"11":{"start":{"line":9,"column":4},"end":{"line":9,"column":109}},"12":{"start":{"line":9,"column":79},"end":{"line":9,"column":109}},"13":{"start":{"line":11,"column":0},"end":{"line":11,"column":62}},"14":{"start":{"line":12,"column":0},"end":{"line":12,"column":183}},"15":{"start":{"line":13,"column":26},"end":{"line":13,"column":52}},"16":{"start":{"line":14,"column":28},"end":{"line":14,"column":56}},"17":{"start":{"line":17,"column":0},"end":{"line":17,"column":34}},"18":{"start":{"line":18,"column":0},"end":{"line":21,"column":42}},"19":{"start":{"line":22,"column":0},"end":{"line":25,"column":42}},"20":{"start":{"line":26,"column":0},"end":{"line":29,"column":42}},"21":{"start":{"line":30,"column":0},"end":{"line":33,"column":45}},"22":{"start":{"line":34,"column":0},"end":{"line":38,"column":45}},"23":{"start":{"line":41,"column":0},"end":{"line":41,"column":46}},"24":{"start":{"line":42,"column":0},"end":{"line":45,"column":59}},"25":{"start":{"line":46,"column":0},"end":{"line":49,"column":48}},"26":{"start":{"line":50,"column":0},"end":{"line":53,"column":48}},"27":{"start":{"line":54,"column":0},"end":{"line":57,"column":48}},"28":{"start":{"line":58,"column":0},"end":{"line":61,"column":51}},"29":{"start":{"line":64,"column":0},"end":{"line":64,"column":52}},"30":{"start":{"line":65,"column":0},"end":{"line":68,"column":51}},"31":{"start":{"line":69,"column":0},"end":{"line":74,"column":56}},"32":{"start":{"line":72,"column":40},"end":{"line":72,"column":51}},"33":{"start":{"line":77,"column":0},"end":{"line":77,"column":52}},"34":{"start":{"line":78,"column":0},"end":{"line":81,"column":53}},"35":{"start":{"line":84,"column":0},"end":{"line":84,"column":48}},"36":{"start":{"line":85,"column":0},"end":{"line":89,"column":49}},"37":{"start":{"line":90,"column":0},"end":{"line":93,"column":52}},"38":{"start":{"line":94,"column":0},"end":{"line":99,"column":54}},"39":{"start":{"line":97,"column":40},"end":{"line":97,"column":51}},"40":{"start":{"line":102,"column":0},"end":{"line":102,"column":60}},"41":{"start":{"line":103,"column":0},"end":{"line":106,"column":57}},"42":{"start":{"line":107,"column":0},"end":{"line":110,"column":58}}},"fnMap":{"0":{"name":"(anonymous_0)","decl":{"start":{"line":2,"column":46},"end":{"line":2,"column":47}},"loc":{"start":{"line":2,"column":87},"end":{"line":7,"column":1}},"line":2},"1":{"name":"(anonymous_1)","decl":{"start":{"line":8,"column":46},"end":{"line":8,"column":47}},"loc":{"start":{"line":8,"column":62},"end":{"line":10,"column":1}},"line":8},"2":{"name":"(anonymous_2)","decl":{"start":{"line":72,"column":34},"end":{"line":72,"column":35}},"loc":{"start":{"line":72,"column":40},"end":{"line":72,"column":51}},"line":72},"3":{"name":"(anonymous_3)","decl":{"start":{"line":97,"column":34},"end":{"line":97,"column":35}},"loc":{"start":{"line":97,"column":40},"end":{"line":97,"column":51}},"line":97}},"branchMap":{"0":{"loc":{"start":{"line":2,"column":17},"end":{"line":7,"column":1}},"type":"binary-expr","locations":[{"start":{"line":2,"column":18},"end":{"line":2,"column":22}},{"start":{"line":2,"column":26},"end":{"line":2,"column":41}},{"start":{"line":2,"column":46},"end":{"line":7,"column":1}}],"line":2},"1":{"loc":{"start":{"line":3,"column":34},"end":{"line":3,"column":125}},"type":"cond-expr","locations":[{"start":{"line":3,"column":42},"end":{"line":3,"column":48}},{"start":{"line":3,"column":51},"end":{"line":3,"column":125}}],"line":3},"2":{"loc":{"start":{"line":3,"column":51},"end":{"line":3,"column":125}},"type":"cond-expr","locations":[{"start":{"line":3,"column":67},"end":{"line":3,"column":118}},{"start":{"line":3,"column":121},"end":{"line":3,"column":125}}],"line":3},"3":{"loc":{"start":{"line":4,"column":4},"end":{"line":5,"column":150}},"type":"if","locations":[{"start":{"line":4,"column":4},"end":{"line":5,"column":150}},{"start":{"line":5,"column":9},"end":{"line":5,"column":150}}],"line":4},"4":{"loc":{"start":{"line":4,"column":8},"end":{"line":4,"column":77}},"type":"binary-expr","locations":[{"start":{"line":4,"column":8},"end":{"line":4,"column":35}},{"start":{"line":4,"column":39},"end":{"line":4,"column":77}}],"line":4},"5":{"loc":{"start":{"line":5,"column":58},"end":{"line":5,"column":150}},"type":"if","locations":[{"start":{"line":5,"column":58},"end":{"line":5,"column":150}},{"start":{},"end":{}}],"line":5},"6":{"loc":{"start":{"line":5,"column":85},"end":{"line":5,"column":149}},"type":"binary-expr","locations":[{"start":{"line":5,"column":86},"end":{"line":5,"column":143}},{"start":{"line":5,"column":148},"end":{"line":5,"column":149}}],"line":5},"7":{"loc":{"start":{"line":5,"column":86},"end":{"line":5,"column":143}},"type":"cond-expr","locations":[{"start":{"line":5,"column":94},"end":{"line":5,"column":98}},{"start":{"line":5,"column":101},"end":{"line":5,"column":143}}],"line":5},"8":{"loc":{"start":{"line":5,"column":101},"end":{"line":5,"column":143}},"type":"cond-expr","locations":[{"start":{"line":5,"column":109},"end":{"line":5,"column":126}},{"start":{"line":5,"column":129},"end":{"line":5,"column":143}}],"line":5},"9":{"loc":{"start":{"line":6,"column":11},"end":{"line":6,"column":62}},"type":"binary-expr","locations":[{"start":{"line":6,"column":11},"end":{"line":6,"column":16}},{"start":{"line":6,"column":20},"end":{"line":6,"column":21}},{"start":{"line":6,"column":25},"end":{"line":6,"column":62}}],"line":6},"10":{"loc":{"start":{"line":8,"column":17},"end":{"line":10,"column":1}},"type":"binary-expr","locations":[{"start":{"line":8,"column":18},"end":{"line":8,"column":22}},{"start":{"line":8,"column":26},"end":{"line":8,"column":41}},{"start":{"line":8,"column":46},"end":{"line":10,"column":1}}],"line":8},"11":{"loc":{"start":{"line":9,"column":4},"end":{"line":9,"column":109}},"type":"if","locations":[{"start":{"line":9,"column":4},"end":{"line":9,"column":109}},{"start":{},"end":{}}],"line":9},"12":{"loc":{"start":{"line":9,"column":8},"end":{"line":9,"column":77}},"type":"binary-expr","locations":[{"start":{"line":9,"column":8},"end":{"line":9,"column":35}},{"start":{"line":9,"column":39},"end":{"line":9,"column":77}}],"line":9}},"s":{"0":0,"1":0,"2":0,"3":0,"4":0,"5":0,"6":0,"7":0,"8":0,"9":0,"10":0,"11":0,"12":0,"13":0,"14":0,"15":0,"16":0,"17":0,"18":0,"19":0,"20":0,"21":0,"22":0,"23":0,"24":0,"25":0,"26":0,"27":0,"28":0,"29":0,"30":0,"31":0,"32":0,"33":0,"34":0,"35":0,"36":0,"37":0,"38":0,"39":0,"40":0,"41":0,"42":0},"f":{"0":0,"1":0,"2":0,"3":0},"b":{"0":[0,0,0],"1":[0,0],"2":[0,0],"3":[0,0],"4":[0,0],"5":[0,0],"6":[0,0],"7":[0,0],"8":[0,0],"9":[0,0,0],"10":[0,0,0],"11":[0,0],"12":[0,0]}}
}
